<?xml version="1.0" encoding="UTF-8"?>
<testsuite xmlns:xsi="http://www.w3.org/2001/XMLSchema-instance" xsi:noNamespaceSchemaLocation="https://maven.apache.org/surefire/maven-surefire-plugin/xsd/surefire-test-report.xsd" name="es.sms.bolsa.oracleforms.conexion.AccesoSessionDaoTest" time="67.778" tests="3" errors="3" skipped="0" failures="0">
  <properties>
    <property name="sun.desktop" value="windows"/>
    <property name="awt.toolkit" value="sun.awt.windows.WToolkit"/>
    <property name="file.encoding.pkg" value="sun.io"/>
    <property name="java.specification.version" value="1.8"/>
    <property name="sun.cpu.isalist" value="pentium_pro+mmx pentium_pro pentium+mmx pentium i486 i386 i86"/>
    <property name="sun.jnu.encoding" value="Cp1252"/>
    <property name="java.class.path" value="D:\Proyectos\Boltra Bolsawebapp\boltra\bolsa-webapp\target\test-classes;D:\Proyectos\Boltra Bolsawebapp\boltra\bolsa-webapp\target\classes;C:\Users\Metaenlace\.m2\repository\oracle\reports\rwclient\rwwebservice\0.0.0\rwwebservice-0.0.0.jar;C:\Users\Metaenlace\.m2\repository\org\apache\poi\poi-ooxml\3.15\poi-ooxml-3.15.jar;C:\Users\Metaenlace\.m2\repository\org\apache\poi\poi\3.15\poi-3.15.jar;C:\Users\Metaenlace\.m2\repository\commons-codec\commons-codec\1.11\commons-codec-1.11.jar;C:\Users\Metaenlace\.m2\repository\org\apache\commons\commons-collections4\4.1\commons-collections4-4.1.jar;C:\Users\Metaenlace\.m2\repository\org\apache\poi\poi-ooxml-schemas\3.15\poi-ooxml-schemas-3.15.jar;C:\Users\Metaenlace\.m2\repository\org\apache\xmlbeans\xmlbeans\2.6.0\xmlbeans-2.6.0.jar;C:\Users\Metaenlace\.m2\repository\stax\stax-api\1.0.1\stax-api-1.0.1.jar;C:\Users\Metaenlace\.m2\repository\com\github\virtuald\curvesapi\1.04\curvesapi-1.04.jar;C:\Users\Metaenlace\.m2\repository\org\omnifaces\omnifaces\1.5\omnifaces-1.5.jar;C:\Users\Metaenlace\.m2\repository\com\google\guava\guava\21.0\guava-21.0.jar;C:\Users\Metaenlace\.m2\repository\sms\framework\jdbctools\1.1.6\jdbctools-1.1.6.jar;C:\Users\Metaenlace\.m2\repository\org\springframework\boot\spring-boot-starter-actuator\2.1.1.RELEASE\spring-boot-starter-actuator-2.1.1.RELEASE.jar;C:\Users\Metaenlace\.m2\repository\org\springframework\boot\spring-boot-starter\2.1.1.RELEASE\spring-boot-starter-2.1.1.RELEASE.jar;C:\Users\Metaenlace\.m2\repository\org\springframework\boot\spring-boot\2.1.1.RELEASE\spring-boot-2.1.1.RELEASE.jar;C:\Users\Metaenlace\.m2\repository\org\springframework\boot\spring-boot-autoconfigure\2.1.1.RELEASE\spring-boot-autoconfigure-2.1.1.RELEASE.jar;C:\Users\Metaenlace\.m2\repository\org\springframework\boot\spring-boot-starter-logging\2.1.1.RELEASE\spring-boot-starter-logging-2.1.1.RELEASE.jar;C:\Users\Metaenlace\.m2\repository\ch\qos\logback\logback-classic\1.2.3\logback-classic-1.2.3.jar;C:\Users\Metaenlace\.m2\repository\ch\qos\logback\logback-core\1.2.3\logback-core-1.2.3.jar;C:\Users\Metaenlace\.m2\repository\org\apache\logging\log4j\log4j-to-slf4j\2.11.1\log4j-to-slf4j-2.11.1.jar;C:\Users\Metaenlace\.m2\repository\org\apache\logging\log4j\log4j-api\2.11.1\log4j-api-2.11.1.jar;C:\Users\Metaenlace\.m2\repository\org\slf4j\jul-to-slf4j\1.7.25\jul-to-slf4j-1.7.25.jar;C:\Users\Metaenlace\.m2\repository\org\yaml\snakeyaml\1.23\snakeyaml-1.23.jar;C:\Users\Metaenlace\.m2\repository\org\springframework\boot\spring-boot-actuator-autoconfigure\2.1.1.RELEASE\spring-boot-actuator-autoconfigure-2.1.1.RELEASE.jar;C:\Users\Metaenlace\.m2\repository\org\springframework\boot\spring-boot-actuator\2.1.1.RELEASE\spring-boot-actuator-2.1.1.RELEASE.jar;C:\Users\Metaenlace\.m2\repository\com\fasterxml\jackson\core\jackson-databind\2.9.7\jackson-databind-2.9.7.jar;C:\Users\Metaenlace\.m2\repository\com\fasterxml\jackson\core\jackson-annotations\2.9.0\jackson-annotations-2.9.0.jar;C:\Users\Metaenlace\.m2\repository\com\fasterxml\jackson\core\jackson-core\2.9.7\jackson-core-2.9.7.jar;C:\Users\Metaenlace\.m2\repository\com\fasterxml\jackson\datatype\jackson-datatype-jsr310\2.9.7\jackson-datatype-jsr310-2.9.7.jar;C:\Users\Metaenlace\.m2\repository\io\micrometer\micrometer-core\1.1.1\micrometer-core-1.1.1.jar;C:\Users\Metaenlace\.m2\repository\org\hdrhistogram\HdrHistogram\2.1.9\HdrHistogram-2.1.9.jar;C:\Users\Metaenlace\.m2\repository\org\latencyutils\LatencyUtils\2.0.3\LatencyUtils-2.0.3.jar;C:\Users\Metaenlace\.m2\repository\org\springframework\boot\spring-boot-starter-cache\2.1.1.RELEASE\spring-boot-starter-cache-2.1.1.RELEASE.jar;C:\Users\Metaenlace\.m2\repository\org\springframework\spring-context-support\5.1.3.RELEASE\spring-context-support-5.1.3.RELEASE.jar;C:\Users\Metaenlace\.m2\repository\es\carm\sms\sesamouserprincipal\sesamouserprincipal\1.3.1\sesamouserprincipal-1.3.1.jar;C:\Users\Metaenlace\.m2\repository\commons-lang\commons-lang\2.6\commons-lang-2.6.jar;C:\Users\Metaenlace\.m2\repository\es\carm\sms\lobo2\lobo2\0.4.3\lobo2-0.4.3.jar;C:\Users\Metaenlace\.m2\repository\org\apache\commons\commons-lang3\3.8.1\commons-lang3-3.8.1.jar;C:\Users\Metaenlace\.m2\repository\com\oracle\ojdbc6\11.2.0.2.0\ojdbc6-11.2.0.2.0.jar;C:\Users\Metaenlace\.m2\repository\org\springframework\security\facelets-taglib-jsf20-spring-3\0.5\facelets-taglib-jsf20-spring-3-0.5.jar;C:\Users\Metaenlace\.m2\repository\org\springframework\security\spring-security-cas\5.1.2.RELEASE\spring-security-cas-5.1.2.RELEASE.jar;C:\Users\Metaenlace\.m2\repository\org\jasig\cas\client\cas-client-core\3.5.0\cas-client-core-3.5.0.jar;C:\Users\Metaenlace\.m2\repository\org\springframework\security\spring-security-core\5.1.2.RELEASE\spring-security-core-5.1.2.RELEASE.jar;C:\Users\Metaenlace\.m2\repository\org\springframework\spring-expression\5.1.3.RELEASE\spring-expression-5.1.3.RELEASE.jar;C:\Users\Metaenlace\.m2\repository\org\springframework\security\spring-security-web\5.1.2.RELEASE\spring-security-web-5.1.2.RELEASE.jar;C:\Users\Metaenlace\.m2\repository\org\springframework\spring-beans\5.1.3.RELEASE\spring-beans-5.1.3.RELEASE.jar;C:\Users\Metaenlace\.m2\repository\org\springframework\spring-context\5.1.3.RELEASE\spring-context-5.1.3.RELEASE.jar;C:\Users\Metaenlace\.m2\repository\org\springframework\spring-core\5.1.3.RELEASE\spring-core-5.1.3.RELEASE.jar;C:\Users\Metaenlace\.m2\repository\org\springframework\spring-jcl\5.1.3.RELEASE\spring-jcl-5.1.3.RELEASE.jar;C:\Users\Metaenlace\.m2\repository\org\springframework\spring-web\5.1.3.RELEASE\spring-web-5.1.3.RELEASE.jar;C:\Users\Metaenlace\.m2\repository\org\jasig\cas\client\cas-client-support-saml\3.5.0\cas-client-support-saml-3.5.0.jar;C:\Users\Metaenlace\.m2\repository\joda-time\joda-time\2.10.1\joda-time-2.10.1.jar;C:\Users\Metaenlace\.m2\repository\org\slf4j\slf4j-api\1.7.25\slf4j-api-1.7.25.jar;C:\Users\Metaenlace\.m2\repository\org\springframework\boot\spring-boot-starter-web\2.1.1.RELEASE\spring-boot-starter-web-2.1.1.RELEASE.jar;C:\Users\Metaenlace\.m2\repository\org\springframework\boot\spring-boot-starter-json\2.1.1.RELEASE\spring-boot-starter-json-2.1.1.RELEASE.jar;C:\Users\Metaenlace\.m2\repository\com\fasterxml\jackson\datatype\jackson-datatype-jdk8\2.9.7\jackson-datatype-jdk8-2.9.7.jar;C:\Users\Metaenlace\.m2\repository\com\fasterxml\jackson\module\jackson-module-parameter-names\2.9.7\jackson-module-parameter-names-2.9.7.jar;C:\Users\Metaenlace\.m2\repository\org\hibernate\validator\hibernate-validator\6.0.13.Final\hibernate-validator-6.0.13.Final.jar;C:\Users\Metaenlace\.m2\repository\javax\validation\validation-api\2.0.1.Final\validation-api-2.0.1.Final.jar;C:\Users\Metaenlace\.m2\repository\com\fasterxml\classmate\1.4.0\classmate-1.4.0.jar;C:\Users\Metaenlace\.m2\repository\org\springframework\spring-webmvc\5.1.3.RELEASE\spring-webmvc-5.1.3.RELEASE.jar;C:\Users\Metaenlace\.m2\repository\org\springframework\boot\spring-boot-starter-validation\2.1.1.RELEASE\spring-boot-starter-validation-2.1.1.RELEASE.jar;C:\Users\Metaenlace\.m2\repository\org\apache\tomcat\embed\tomcat-embed-el\9.0.13\tomcat-embed-el-9.0.13.jar;C:\Users\Metaenlace\.m2\repository\org\springframework\boot\spring-boot-starter-jdbc\2.1.1.RELEASE\spring-boot-starter-jdbc-2.1.1.RELEASE.jar;C:\Users\Metaenlace\.m2\repository\com\zaxxer\HikariCP\3.2.0\HikariCP-3.2.0.jar;C:\Users\Metaenlace\.m2\repository\org\springframework\spring-jdbc\5.1.3.RELEASE\spring-jdbc-5.1.3.RELEASE.jar;C:\Users\Metaenlace\.m2\repository\org\springframework\spring-tx\5.1.3.RELEASE\spring-tx-5.1.3.RELEASE.jar;C:\Users\Metaenlace\.m2\repository\org\springframework\boot\spring-boot-starter-data-jpa\2.1.1.RELEASE\spring-boot-starter-data-jpa-2.1.1.RELEASE.jar;C:\Users\Metaenlace\.m2\repository\org\springframework\boot\spring-boot-starter-aop\2.1.1.RELEASE\spring-boot-starter-aop-2.1.1.RELEASE.jar;C:\Users\Metaenlace\.m2\repository\org\aspectj\aspectjweaver\1.9.2\aspectjweaver-1.9.2.jar;C:\Users\Metaenlace\.m2\repository\javax\transaction\javax.transaction-api\1.3\javax.transaction-api-1.3.jar;C:\Users\Metaenlace\.m2\repository\javax\xml\bind\jaxb-api\2.3.1\jaxb-api-2.3.1.jar;C:\Users\Metaenlace\.m2\repository\javax\activation\javax.activation-api\1.2.0\javax.activation-api-1.2.0.jar;C:\Users\Metaenlace\.m2\repository\org\hibernate\hibernate-core\5.3.7.Final\hibernate-core-5.3.7.Final.jar;C:\Users\Metaenlace\.m2\repository\javax\persistence\javax.persistence-api\2.2\javax.persistence-api-2.2.jar;C:\Users\Metaenlace\.m2\repository\org\javassist\javassist\3.23.1-GA\javassist-3.23.1-GA.jar;C:\Users\Metaenlace\.m2\repository\net\bytebuddy\byte-buddy\1.9.5\byte-buddy-1.9.5.jar;C:\Users\Metaenlace\.m2\repository\antlr\antlr\2.7.7\antlr-2.7.7.jar;C:\Users\Metaenlace\.m2\repository\org\jboss\jandex\2.0.5.Final\jandex-2.0.5.Final.jar;C:\Users\Metaenlace\.m2\repository\org\dom4j\dom4j\2.1.1\dom4j-2.1.1.jar;C:\Users\Metaenlace\.m2\repository\org\hibernate\common\hibernate-commons-annotations\5.0.4.Final\hibernate-commons-annotations-5.0.4.Final.jar;C:\Users\Metaenlace\.m2\repository\org\springframework\data\spring-data-jpa\2.1.3.RELEASE\spring-data-jpa-2.1.3.RELEASE.jar;C:\Users\Metaenlace\.m2\repository\org\springframework\data\spring-data-commons\2.1.3.RELEASE\spring-data-commons-2.1.3.RELEASE.jar;C:\Users\Metaenlace\.m2\repository\org\springframework\spring-orm\5.1.3.RELEASE\spring-orm-5.1.3.RELEASE.jar;C:\Users\Metaenlace\.m2\repository\org\springframework\spring-aspects\5.1.3.RELEASE\spring-aspects-5.1.3.RELEASE.jar;C:\Users\Metaenlace\.m2\repository\org\springframework\boot\spring-boot-starter-security\2.1.1.RELEASE\spring-boot-starter-security-2.1.1.RELEASE.jar;C:\Users\Metaenlace\.m2\repository\org\springframework\spring-aop\5.1.3.RELEASE\spring-aop-5.1.3.RELEASE.jar;C:\Users\Metaenlace\.m2\repository\org\springframework\security\spring-security-config\5.1.2.RELEASE\spring-security-config-5.1.2.RELEASE.jar;C:\Users\Metaenlace\.m2\repository\org\springframework\boot\spring-boot-starter-test\2.1.1.RELEASE\spring-boot-starter-test-2.1.1.RELEASE.jar;C:\Users\Metaenlace\.m2\repository\org\springframework\boot\spring-boot-test\2.1.1.RELEASE\spring-boot-test-2.1.1.RELEASE.jar;C:\Users\Metaenlace\.m2\repository\org\springframework\boot\spring-boot-test-autoconfigure\2.1.1.RELEASE\spring-boot-test-autoconfigure-2.1.1.RELEASE.jar;C:\Users\Metaenlace\.m2\repository\com\jayway\jsonpath\json-path\2.4.0\json-path-2.4.0.jar;C:\Users\Metaenlace\.m2\repository\net\minidev\json-smart\2.3\json-smart-2.3.jar;C:\Users\Metaenlace\.m2\repository\net\minidev\accessors-smart\1.2\accessors-smart-1.2.jar;C:\Users\Metaenlace\.m2\repository\org\ow2\asm\asm\5.0.4\asm-5.0.4.jar;C:\Users\Metaenlace\.m2\repository\junit\junit\4.12\junit-4.12.jar;C:\Users\Metaenlace\.m2\repository\org\assertj\assertj-core\3.11.1\assertj-core-3.11.1.jar;C:\Users\Metaenlace\.m2\repository\org\mockito\mockito-core\2.23.4\mockito-core-2.23.4.jar;C:\Users\Metaenlace\.m2\repository\net\bytebuddy\byte-buddy-agent\1.9.5\byte-buddy-agent-1.9.5.jar;C:\Users\Metaenlace\.m2\repository\org\objenesis\objenesis\2.6\objenesis-2.6.jar;C:\Users\Metaenlace\.m2\repository\org\hamcrest\hamcrest-core\1.3\hamcrest-core-1.3.jar;C:\Users\Metaenlace\.m2\repository\org\hamcrest\hamcrest-library\1.3\hamcrest-library-1.3.jar;C:\Users\Metaenlace\.m2\repository\org\skyscreamer\jsonassert\1.5.0\jsonassert-1.5.0.jar;C:\Users\Metaenlace\.m2\repository\com\vaadin\external\google\android-json\0.0.20131108.vaadin1\android-json-0.0.20131108.vaadin1.jar;C:\Users\Metaenlace\.m2\repository\org\springframework\spring-test\5.1.3.RELEASE\spring-test-5.1.3.RELEASE.jar;C:\Users\Metaenlace\.m2\repository\org\xmlunit\xmlunit-core\2.6.2\xmlunit-core-2.6.2.jar;C:\Users\Metaenlace\.m2\repository\org\springframework\security\spring-security-test\5.1.2.RELEASE\spring-security-test-5.1.2.RELEASE.jar;C:\Users\Metaenlace\.m2\repository\com\sun\faces\jsf-api\2.2.5\jsf-api-2.2.5.jar;C:\Users\Metaenlace\.m2\repository\com\sun\faces\jsf-impl\2.2.5\jsf-impl-2.2.5.jar;C:\Users\Metaenlace\.m2\repository\org\apache\tomcat\embed\tomcat-embed-jasper\9.0.13\tomcat-embed-jasper-9.0.13.jar;C:\Users\Metaenlace\.m2\repository\org\apache\tomcat\embed\tomcat-embed-core\9.0.13\tomcat-embed-core-9.0.13.jar;C:\Users\Metaenlace\.m2\repository\org\apache\tomcat\tomcat-annotations-api\9.0.13\tomcat-annotations-api-9.0.13.jar;C:\Users\Metaenlace\.m2\repository\org\eclipse\jdt\ecj\3.13.102\ecj-3.13.102.jar;C:\Users\Metaenlace\.m2\repository\org\apache\tomcat\embed\tomcat-embed-websocket\9.0.13\tomcat-embed-websocket-9.0.13.jar;C:\Users\Metaenlace\.m2\repository\org\springframework\boot\spring-boot-starter-tomcat\2.1.1.RELEASE\spring-boot-starter-tomcat-2.1.1.RELEASE.jar;C:\Users\Metaenlace\.m2\repository\javax\annotation\javax.annotation-api\1.3.2\javax.annotation-api-1.3.2.jar;C:\Users\Metaenlace\.m2\repository\org\primefaces\primefaces\6.2\primefaces-6.2.jar;C:\Users\Metaenlace\.m2\repository\net\bootsfaces\bootsfaces\1.2.0\bootsfaces-1.2.0.jar;C:\Users\Metaenlace\.m2\repository\org\springframework\boot\spring-boot-configuration-processor\2.1.1.RELEASE\spring-boot-configuration-processor-2.1.1.RELEASE.jar;C:\Users\Metaenlace\.m2\repository\org\hibernate\hibernate-envers\5.3.7.Final\hibernate-envers-5.3.7.Final.jar;C:\Users\Metaenlace\.m2\repository\org\jboss\logging\jboss-logging\3.3.2.Final\jboss-logging-3.3.2.Final.jar;"/>
    <property name="java.vm.vendor" value="Oracle Corporation"/>
    <property name="sun.arch.data.model" value="32"/>
    <property name="user.variant" value=""/>
    <property name="java.vendor.url" value="http://java.oracle.com/"/>
    <property name="user.timezone" value="Europe/Paris"/>
    <property name="java.vm.specification.version" value="1.8"/>
    <property name="os.name" value="Windows 10"/>
    <property name="user.country" value="ES"/>
    <property name="sun.java.launcher" value="SUN_STANDARD"/>
    <property name="sun.boot.library.path" value="C:\Program Files (x86)\Java\jdk1.8.0_271\jre\bin"/>
    <property name="sun.java.command" value="C:\Users\METAEN~1\AppData\Local\Temp\surefire2678202344341614068\surefirebooter371782919776333267.jar C:\Users\Metaenlace\AppData\Local\Temp\surefire2678202344341614068 2020-12-11T02-07-17_876-jvmRun1 surefire1314328746552736294tmp surefire_02674009057224312541tmp"/>
    <property name="surefire.test.class.path" value="D:\Proyectos\Boltra Bolsawebapp\boltra\bolsa-webapp\target\test-classes;D:\Proyectos\Boltra Bolsawebapp\boltra\bolsa-webapp\target\classes;C:\Users\Metaenlace\.m2\repository\oracle\reports\rwclient\rwwebservice\0.0.0\rwwebservice-0.0.0.jar;C:\Users\Metaenlace\.m2\repository\org\apache\poi\poi-ooxml\3.15\poi-ooxml-3.15.jar;C:\Users\Metaenlace\.m2\repository\org\apache\poi\poi\3.15\poi-3.15.jar;C:\Users\Metaenlace\.m2\repository\commons-codec\commons-codec\1.11\commons-codec-1.11.jar;C:\Users\Metaenlace\.m2\repository\org\apache\commons\commons-collections4\4.1\commons-collections4-4.1.jar;C:\Users\Metaenlace\.m2\repository\org\apache\poi\poi-ooxml-schemas\3.15\poi-ooxml-schemas-3.15.jar;C:\Users\Metaenlace\.m2\repository\org\apache\xmlbeans\xmlbeans\2.6.0\xmlbeans-2.6.0.jar;C:\Users\Metaenlace\.m2\repository\stax\stax-api\1.0.1\stax-api-1.0.1.jar;C:\Users\Metaenlace\.m2\repository\com\github\virtuald\curvesapi\1.04\curvesapi-1.04.jar;C:\Users\Metaenlace\.m2\repository\org\omnifaces\omnifaces\1.5\omnifaces-1.5.jar;C:\Users\Metaenlace\.m2\repository\com\google\guava\guava\21.0\guava-21.0.jar;C:\Users\Metaenlace\.m2\repository\sms\framework\jdbctools\1.1.6\jdbctools-1.1.6.jar;C:\Users\Metaenlace\.m2\repository\org\springframework\boot\spring-boot-starter-actuator\2.1.1.RELEASE\spring-boot-starter-actuator-2.1.1.RELEASE.jar;C:\Users\Metaenlace\.m2\repository\org\springframework\boot\spring-boot-starter\2.1.1.RELEASE\spring-boot-starter-2.1.1.RELEASE.jar;C:\Users\Metaenlace\.m2\repository\org\springframework\boot\spring-boot\2.1.1.RELEASE\spring-boot-2.1.1.RELEASE.jar;C:\Users\Metaenlace\.m2\repository\org\springframework\boot\spring-boot-autoconfigure\2.1.1.RELEASE\spring-boot-autoconfigure-2.1.1.RELEASE.jar;C:\Users\Metaenlace\.m2\repository\org\springframework\boot\spring-boot-starter-logging\2.1.1.RELEASE\spring-boot-starter-logging-2.1.1.RELEASE.jar;C:\Users\Metaenlace\.m2\repository\ch\qos\logback\logback-classic\1.2.3\logback-classic-1.2.3.jar;C:\Users\Metaenlace\.m2\repository\ch\qos\logback\logback-core\1.2.3\logback-core-1.2.3.jar;C:\Users\Metaenlace\.m2\repository\org\apache\logging\log4j\log4j-to-slf4j\2.11.1\log4j-to-slf4j-2.11.1.jar;C:\Users\Metaenlace\.m2\repository\org\apache\logging\log4j\log4j-api\2.11.1\log4j-api-2.11.1.jar;C:\Users\Metaenlace\.m2\repository\org\slf4j\jul-to-slf4j\1.7.25\jul-to-slf4j-1.7.25.jar;C:\Users\Metaenlace\.m2\repository\org\yaml\snakeyaml\1.23\snakeyaml-1.23.jar;C:\Users\Metaenlace\.m2\repository\org\springframework\boot\spring-boot-actuator-autoconfigure\2.1.1.RELEASE\spring-boot-actuator-autoconfigure-2.1.1.RELEASE.jar;C:\Users\Metaenlace\.m2\repository\org\springframework\boot\spring-boot-actuator\2.1.1.RELEASE\spring-boot-actuator-2.1.1.RELEASE.jar;C:\Users\Metaenlace\.m2\repository\com\fasterxml\jackson\core\jackson-databind\2.9.7\jackson-databind-2.9.7.jar;C:\Users\Metaenlace\.m2\repository\com\fasterxml\jackson\core\jackson-annotations\2.9.0\jackson-annotations-2.9.0.jar;C:\Users\Metaenlace\.m2\repository\com\fasterxml\jackson\core\jackson-core\2.9.7\jackson-core-2.9.7.jar;C:\Users\Metaenlace\.m2\repository\com\fasterxml\jackson\datatype\jackson-datatype-jsr310\2.9.7\jackson-datatype-jsr310-2.9.7.jar;C:\Users\Metaenlace\.m2\repository\io\micrometer\micrometer-core\1.1.1\micrometer-core-1.1.1.jar;C:\Users\Metaenlace\.m2\repository\org\hdrhistogram\HdrHistogram\2.1.9\HdrHistogram-2.1.9.jar;C:\Users\Metaenlace\.m2\repository\org\latencyutils\LatencyUtils\2.0.3\LatencyUtils-2.0.3.jar;C:\Users\Metaenlace\.m2\repository\org\springframework\boot\spring-boot-starter-cache\2.1.1.RELEASE\spring-boot-starter-cache-2.1.1.RELEASE.jar;C:\Users\Metaenlace\.m2\repository\org\springframework\spring-context-support\5.1.3.RELEASE\spring-context-support-5.1.3.RELEASE.jar;C:\Users\Metaenlace\.m2\repository\es\carm\sms\sesamouserprincipal\sesamouserprincipal\1.3.1\sesamouserprincipal-1.3.1.jar;C:\Users\Metaenlace\.m2\repository\commons-lang\commons-lang\2.6\commons-lang-2.6.jar;C:\Users\Metaenlace\.m2\repository\es\carm\sms\lobo2\lobo2\0.4.3\lobo2-0.4.3.jar;C:\Users\Metaenlace\.m2\repository\org\apache\commons\commons-lang3\3.8.1\commons-lang3-3.8.1.jar;C:\Users\Metaenlace\.m2\repository\com\oracle\ojdbc6\11.2.0.2.0\ojdbc6-11.2.0.2.0.jar;C:\Users\Metaenlace\.m2\repository\org\springframework\security\facelets-taglib-jsf20-spring-3\0.5\facelets-taglib-jsf20-spring-3-0.5.jar;C:\Users\Metaenlace\.m2\repository\org\springframework\security\spring-security-cas\5.1.2.RELEASE\spring-security-cas-5.1.2.RELEASE.jar;C:\Users\Metaenlace\.m2\repository\org\jasig\cas\client\cas-client-core\3.5.0\cas-client-core-3.5.0.jar;C:\Users\Metaenlace\.m2\repository\org\springframework\security\spring-security-core\5.1.2.RELEASE\spring-security-core-5.1.2.RELEASE.jar;C:\Users\Metaenlace\.m2\repository\org\springframework\spring-expression\5.1.3.RELEASE\spring-expression-5.1.3.RELEASE.jar;C:\Users\Metaenlace\.m2\repository\org\springframework\security\spring-security-web\5.1.2.RELEASE\spring-security-web-5.1.2.RELEASE.jar;C:\Users\Metaenlace\.m2\repository\org\springframework\spring-beans\5.1.3.RELEASE\spring-beans-5.1.3.RELEASE.jar;C:\Users\Metaenlace\.m2\repository\org\springframework\spring-context\5.1.3.RELEASE\spring-context-5.1.3.RELEASE.jar;C:\Users\Metaenlace\.m2\repository\org\springframework\spring-core\5.1.3.RELEASE\spring-core-5.1.3.RELEASE.jar;C:\Users\Metaenlace\.m2\repository\org\springframework\spring-jcl\5.1.3.RELEASE\spring-jcl-5.1.3.RELEASE.jar;C:\Users\Metaenlace\.m2\repository\org\springframework\spring-web\5.1.3.RELEASE\spring-web-5.1.3.RELEASE.jar;C:\Users\Metaenlace\.m2\repository\org\jasig\cas\client\cas-client-support-saml\3.5.0\cas-client-support-saml-3.5.0.jar;C:\Users\Metaenlace\.m2\repository\joda-time\joda-time\2.10.1\joda-time-2.10.1.jar;C:\Users\Metaenlace\.m2\repository\org\slf4j\slf4j-api\1.7.25\slf4j-api-1.7.25.jar;C:\Users\Metaenlace\.m2\repository\org\springframework\boot\spring-boot-starter-web\2.1.1.RELEASE\spring-boot-starter-web-2.1.1.RELEASE.jar;C:\Users\Metaenlace\.m2\repository\org\springframework\boot\spring-boot-starter-json\2.1.1.RELEASE\spring-boot-starter-json-2.1.1.RELEASE.jar;C:\Users\Metaenlace\.m2\repository\com\fasterxml\jackson\datatype\jackson-datatype-jdk8\2.9.7\jackson-datatype-jdk8-2.9.7.jar;C:\Users\Metaenlace\.m2\repository\com\fasterxml\jackson\module\jackson-module-parameter-names\2.9.7\jackson-module-parameter-names-2.9.7.jar;C:\Users\Metaenlace\.m2\repository\org\hibernate\validator\hibernate-validator\6.0.13.Final\hibernate-validator-6.0.13.Final.jar;C:\Users\Metaenlace\.m2\repository\javax\validation\validation-api\2.0.1.Final\validation-api-2.0.1.Final.jar;C:\Users\Metaenlace\.m2\repository\com\fasterxml\classmate\1.4.0\classmate-1.4.0.jar;C:\Users\Metaenlace\.m2\repository\org\springframework\spring-webmvc\5.1.3.RELEASE\spring-webmvc-5.1.3.RELEASE.jar;C:\Users\Metaenlace\.m2\repository\org\springframework\boot\spring-boot-starter-validation\2.1.1.RELEASE\spring-boot-starter-validation-2.1.1.RELEASE.jar;C:\Users\Metaenlace\.m2\repository\org\apache\tomcat\embed\tomcat-embed-el\9.0.13\tomcat-embed-el-9.0.13.jar;C:\Users\Metaenlace\.m2\repository\org\springframework\boot\spring-boot-starter-jdbc\2.1.1.RELEASE\spring-boot-starter-jdbc-2.1.1.RELEASE.jar;C:\Users\Metaenlace\.m2\repository\com\zaxxer\HikariCP\3.2.0\HikariCP-3.2.0.jar;C:\Users\Metaenlace\.m2\repository\org\springframework\spring-jdbc\5.1.3.RELEASE\spring-jdbc-5.1.3.RELEASE.jar;C:\Users\Metaenlace\.m2\repository\org\springframework\spring-tx\5.1.3.RELEASE\spring-tx-5.1.3.RELEASE.jar;C:\Users\Metaenlace\.m2\repository\org\springframework\boot\spring-boot-starter-data-jpa\2.1.1.RELEASE\spring-boot-starter-data-jpa-2.1.1.RELEASE.jar;C:\Users\Metaenlace\.m2\repository\org\springframework\boot\spring-boot-starter-aop\2.1.1.RELEASE\spring-boot-starter-aop-2.1.1.RELEASE.jar;C:\Users\Metaenlace\.m2\repository\org\aspectj\aspectjweaver\1.9.2\aspectjweaver-1.9.2.jar;C:\Users\Metaenlace\.m2\repository\javax\transaction\javax.transaction-api\1.3\javax.transaction-api-1.3.jar;C:\Users\Metaenlace\.m2\repository\javax\xml\bind\jaxb-api\2.3.1\jaxb-api-2.3.1.jar;C:\Users\Metaenlace\.m2\repository\javax\activation\javax.activation-api\1.2.0\javax.activation-api-1.2.0.jar;C:\Users\Metaenlace\.m2\repository\org\hibernate\hibernate-core\5.3.7.Final\hibernate-core-5.3.7.Final.jar;C:\Users\Metaenlace\.m2\repository\javax\persistence\javax.persistence-api\2.2\javax.persistence-api-2.2.jar;C:\Users\Metaenlace\.m2\repository\org\javassist\javassist\3.23.1-GA\javassist-3.23.1-GA.jar;C:\Users\Metaenlace\.m2\repository\net\bytebuddy\byte-buddy\1.9.5\byte-buddy-1.9.5.jar;C:\Users\Metaenlace\.m2\repository\antlr\antlr\2.7.7\antlr-2.7.7.jar;C:\Users\Metaenlace\.m2\repository\org\jboss\jandex\2.0.5.Final\jandex-2.0.5.Final.jar;C:\Users\Metaenlace\.m2\repository\org\dom4j\dom4j\2.1.1\dom4j-2.1.1.jar;C:\Users\Metaenlace\.m2\repository\org\hibernate\common\hibernate-commons-annotations\5.0.4.Final\hibernate-commons-annotations-5.0.4.Final.jar;C:\Users\Metaenlace\.m2\repository\org\springframework\data\spring-data-jpa\2.1.3.RELEASE\spring-data-jpa-2.1.3.RELEASE.jar;C:\Users\Metaenlace\.m2\repository\org\springframework\data\spring-data-commons\2.1.3.RELEASE\spring-data-commons-2.1.3.RELEASE.jar;C:\Users\Metaenlace\.m2\repository\org\springframework\spring-orm\5.1.3.RELEASE\spring-orm-5.1.3.RELEASE.jar;C:\Users\Metaenlace\.m2\repository\org\springframework\spring-aspects\5.1.3.RELEASE\spring-aspects-5.1.3.RELEASE.jar;C:\Users\Metaenlace\.m2\repository\org\springframework\boot\spring-boot-starter-security\2.1.1.RELEASE\spring-boot-starter-security-2.1.1.RELEASE.jar;C:\Users\Metaenlace\.m2\repository\org\springframework\spring-aop\5.1.3.RELEASE\spring-aop-5.1.3.RELEASE.jar;C:\Users\Metaenlace\.m2\repository\org\springframework\security\spring-security-config\5.1.2.RELEASE\spring-security-config-5.1.2.RELEASE.jar;C:\Users\Metaenlace\.m2\repository\org\springframework\boot\spring-boot-starter-test\2.1.1.RELEASE\spring-boot-starter-test-2.1.1.RELEASE.jar;C:\Users\Metaenlace\.m2\repository\org\springframework\boot\spring-boot-test\2.1.1.RELEASE\spring-boot-test-2.1.1.RELEASE.jar;C:\Users\Metaenlace\.m2\repository\org\springframework\boot\spring-boot-test-autoconfigure\2.1.1.RELEASE\spring-boot-test-autoconfigure-2.1.1.RELEASE.jar;C:\Users\Metaenlace\.m2\repository\com\jayway\jsonpath\json-path\2.4.0\json-path-2.4.0.jar;C:\Users\Metaenlace\.m2\repository\net\minidev\json-smart\2.3\json-smart-2.3.jar;C:\Users\Metaenlace\.m2\repository\net\minidev\accessors-smart\1.2\accessors-smart-1.2.jar;C:\Users\Metaenlace\.m2\repository\org\ow2\asm\asm\5.0.4\asm-5.0.4.jar;C:\Users\Metaenlace\.m2\repository\junit\junit\4.12\junit-4.12.jar;C:\Users\Metaenlace\.m2\repository\org\assertj\assertj-core\3.11.1\assertj-core-3.11.1.jar;C:\Users\Metaenlace\.m2\repository\org\mockito\mockito-core\2.23.4\mockito-core-2.23.4.jar;C:\Users\Metaenlace\.m2\repository\net\bytebuddy\byte-buddy-agent\1.9.5\byte-buddy-agent-1.9.5.jar;C:\Users\Metaenlace\.m2\repository\org\objenesis\objenesis\2.6\objenesis-2.6.jar;C:\Users\Metaenlace\.m2\repository\org\hamcrest\hamcrest-core\1.3\hamcrest-core-1.3.jar;C:\Users\Metaenlace\.m2\repository\org\hamcrest\hamcrest-library\1.3\hamcrest-library-1.3.jar;C:\Users\Metaenlace\.m2\repository\org\skyscreamer\jsonassert\1.5.0\jsonassert-1.5.0.jar;C:\Users\Metaenlace\.m2\repository\com\vaadin\external\google\android-json\0.0.20131108.vaadin1\android-json-0.0.20131108.vaadin1.jar;C:\Users\Metaenlace\.m2\repository\org\springframework\spring-test\5.1.3.RELEASE\spring-test-5.1.3.RELEASE.jar;C:\Users\Metaenlace\.m2\repository\org\xmlunit\xmlunit-core\2.6.2\xmlunit-core-2.6.2.jar;C:\Users\Metaenlace\.m2\repository\org\springframework\security\spring-security-test\5.1.2.RELEASE\spring-security-test-5.1.2.RELEASE.jar;C:\Users\Metaenlace\.m2\repository\com\sun\faces\jsf-api\2.2.5\jsf-api-2.2.5.jar;C:\Users\Metaenlace\.m2\repository\com\sun\faces\jsf-impl\2.2.5\jsf-impl-2.2.5.jar;C:\Users\Metaenlace\.m2\repository\org\apache\tomcat\embed\tomcat-embed-jasper\9.0.13\tomcat-embed-jasper-9.0.13.jar;C:\Users\Metaenlace\.m2\repository\org\apache\tomcat\embed\tomcat-embed-core\9.0.13\tomcat-embed-core-9.0.13.jar;C:\Users\Metaenlace\.m2\repository\org\apache\tomcat\tomcat-annotations-api\9.0.13\tomcat-annotations-api-9.0.13.jar;C:\Users\Metaenlace\.m2\repository\org\eclipse\jdt\ecj\3.13.102\ecj-3.13.102.jar;C:\Users\Metaenlace\.m2\repository\org\apache\tomcat\embed\tomcat-embed-websocket\9.0.13\tomcat-embed-websocket-9.0.13.jar;C:\Users\Metaenlace\.m2\repository\org\springframework\boot\spring-boot-starter-tomcat\2.1.1.RELEASE\spring-boot-starter-tomcat-2.1.1.RELEASE.jar;C:\Users\Metaenlace\.m2\repository\javax\annotation\javax.annotation-api\1.3.2\javax.annotation-api-1.3.2.jar;C:\Users\Metaenlace\.m2\repository\org\primefaces\primefaces\6.2\primefaces-6.2.jar;C:\Users\Metaenlace\.m2\repository\net\bootsfaces\bootsfaces\1.2.0\bootsfaces-1.2.0.jar;C:\Users\Metaenlace\.m2\repository\org\springframework\boot\spring-boot-configuration-processor\2.1.1.RELEASE\spring-boot-configuration-processor-2.1.1.RELEASE.jar;C:\Users\Metaenlace\.m2\repository\org\hibernate\hibernate-envers\5.3.7.Final\hibernate-envers-5.3.7.Final.jar;C:\Users\Metaenlace\.m2\repository\org\jboss\logging\jboss-logging\3.3.2.Final\jboss-logging-3.3.2.Final.jar;"/>
    <property name="sun.cpu.endian" value="little"/>
    <property name="user.home" value="C:\Users\Metaenlace"/>
    <property name="user.language" value="es"/>
    <property name="java.specification.vendor" value="Oracle Corporation"/>
    <property name="java.home" value="C:\Program Files (x86)\Java\jdk1.8.0_271\jre"/>
    <property name="spring.profiles.active" value="dev"/>
    <property name="basedir" value="D:\Proyectos\Boltra Bolsawebapp\boltra\bolsa-webapp"/>
    <property name="file.separator" value="\"/>
    <property name="line.separator" value="&#10;"/>
    <property name="java.vm.specification.vendor" value="Oracle Corporation"/>
    <property name="java.specification.name" value="Java Platform API Specification"/>
    <property name="java.awt.graphicsenv" value="sun.awt.Win32GraphicsEnvironment"/>
    <property name="surefire.real.class.path" value="C:\Users\METAEN~1\AppData\Local\Temp\surefire2678202344341614068\surefirebooter371782919776333267.jar"/>
    <property name="sun.boot.class.path" value="C:\Program Files (x86)\Java\jdk1.8.0_271\jre\lib\resources.jar;C:\Program Files (x86)\Java\jdk1.8.0_271\jre\lib\rt.jar;C:\Program Files (x86)\Java\jdk1.8.0_271\jre\lib\sunrsasign.jar;C:\Program Files (x86)\Java\jdk1.8.0_271\jre\lib\jsse.jar;C:\Program Files (x86)\Java\jdk1.8.0_271\jre\lib\jce.jar;C:\Program Files (x86)\Java\jdk1.8.0_271\jre\lib\charsets.jar;C:\Program Files (x86)\Java\jdk1.8.0_271\jre\lib\jfr.jar;C:\Program Files (x86)\Java\jdk1.8.0_271\jre\classes"/>
    <property name="user.script" value=""/>
    <property name="sun.management.compiler" value="HotSpot Client Compiler"/>
    <property name="java.runtime.version" value="1.8.0_271-b09"/>
    <property name="user.name" value="Metaenlace"/>
    <property name="path.separator" value=";"/>
    <property name="os.version" value="10.0"/>
    <property name="java.endorsed.dirs" value="C:\Program Files (x86)\Java\jdk1.8.0_271\jre\lib\endorsed"/>
    <property name="java.runtime.name" value="Java(TM) SE Runtime Environment"/>
    <property name="file.encoding" value="Cp1252"/>
    <property name="java.vm.name" value="Java HotSpot(TM) Client VM"/>
    <property name="localRepository" value="C:\Users\Metaenlace\.m2\repository"/>
    <property name="java.vendor.url.bug" value="http://bugreport.sun.com/bugreport/"/>
    <property name="java.io.tmpdir" value="C:\Users\METAEN~1\AppData\Local\Temp\"/>
    <property name="java.version" value="1.8.0_271"/>
    <property name="user.dir" value="D:\Proyectos\Boltra Bolsawebapp\boltra\bolsa-webapp"/>
    <property name="os.arch" value="x86"/>
    <property name="java.vm.specification.name" value="Java Virtual Machine Specification"/>
    <property name="java.awt.printerjob" value="sun.awt.windows.WPrinterJob"/>
    <property name="sun.os.patch.level" value=""/>
    <property name="java.library.path" value="C:\Program Files (x86)\Java\jdk1.8.0_271\jre\bin;C:\WINDOWS\Sun\Java\bin;C:\WINDOWS\system32;C:\WINDOWS;C:/Program Files/Java/jre1.8.0_271/bin/server;C:/Program Files/Java/jre1.8.0_271/bin;C:/Program Files/Java/jre1.8.0_271/lib/amd64;C:\Program Files (x86)\Common Files\Oracle\Java\javapath;C:\Program Files\AdoptOpenJDK\jre-8.0.265.01-hotspot\bin;C:\WINDOWS\system32;C:\WINDOWS;C:\WINDOWS\System32\Wbem;C:\WINDOWS\System32\WindowsPowerShell\v1.0\;C:\WINDOWS\System32\OpenSSH\;C:\Program Files\Microsoft VS Code\bin;C:\Program Files\PuTTY\;C:\Users\Metaenlace\AppData\Local\Microsoft\WindowsApps;C:\eclipse;;."/>
    <property name="java.vm.info" value="mixed mode"/>
    <property name="java.vendor" value="Oracle Corporation"/>
    <property name="java.vm.version" value="25.271-b09"/>
    <property name="java.ext.dirs" value="C:\Program Files (x86)\Java\jdk1.8.0_271\jre\lib\ext;C:\WINDOWS\Sun\Java\lib\ext"/>
    <property name="sun.io.unicode.encoding" value="UnicodeLittle"/>
    <property name="java.class.version" value="52.0"/>
  </properties>
  <testcase name="seAbreSesionOk" classname="es.sms.bolsa.oracleforms.conexion.AccesoSessionDaoTest" time="22.266">
    <error message="Could not open JDBC Connection for transaction; nested exception is java.sql.SQLRecoverableException: Error de E/S: The Network Adapter could not establish the connection" type="org.springframework.transaction.CannotCreateTransactionException">org.springframework.transaction.CannotCreateTransactionException: Could not open JDBC Connection for transaction; nested exception is java.sql.SQLRecoverableException: Error de E/S: The Network Adapter could not establish the connection
Caused by: java.sql.SQLRecoverableException: Error de E/S: The Network Adapter could not establish the connection
Caused by: oracle.net.ns.NetException: The Network Adapter could not establish the connection
Caused by: java.net.ConnectException: Connection timed out: connect
</error>
    <system-out><![CDATA[02:07:18.481 [main] DEBUG org.springframework.test.context.junit4.SpringJUnit4ClassRunner - SpringJUnit4ClassRunner constructor called with [class es.sms.bolsa.oracleforms.conexion.AccesoSessionDaoTest]
02:07:18.485 [main] DEBUG org.springframework.test.context.BootstrapUtils - Instantiating CacheAwareContextLoaderDelegate from class [org.springframework.test.context.cache.DefaultCacheAwareContextLoaderDelegate]
02:07:18.490 [main] DEBUG org.springframework.test.context.BootstrapUtils - Instantiating BootstrapContext using constructor [public org.springframework.test.context.support.DefaultBootstrapContext(java.lang.Class,org.springframework.test.context.CacheAwareContextLoaderDelegate)]
02:07:18.511 [main] DEBUG org.springframework.test.context.BootstrapUtils - Instantiating TestContextBootstrapper for test class [es.sms.bolsa.oracleforms.conexion.AccesoSessionDaoTest] from class [org.springframework.boot.test.autoconfigure.jdbc.JdbcTestContextBootstrapper]
02:07:18.521 [main] INFO org.springframework.boot.test.autoconfigure.jdbc.JdbcTestContextBootstrapper - Neither @ContextConfiguration nor @ContextHierarchy found for test class [es.sms.bolsa.oracleforms.conexion.AccesoSessionDaoTest], using SpringBootContextLoader
02:07:18.523 [main] DEBUG org.springframework.test.context.support.AbstractContextLoader - Did not detect default resource location for test class [es.sms.bolsa.oracleforms.conexion.AccesoSessionDaoTest]: class path resource [es/sms/bolsa/oracleforms/conexion/AccesoSessionDaoTest-context.xml] does not exist
02:07:18.524 [main] DEBUG org.springframework.test.context.support.AbstractContextLoader - Did not detect default resource location for test class [es.sms.bolsa.oracleforms.conexion.AccesoSessionDaoTest]: class path resource [es/sms/bolsa/oracleforms/conexion/AccesoSessionDaoTestContext.groovy] does not exist
02:07:18.524 [main] INFO org.springframework.test.context.support.AbstractContextLoader - Could not detect default resource locations for test class [es.sms.bolsa.oracleforms.conexion.AccesoSessionDaoTest]: no resource found for suffixes {-context.xml, Context.groovy}.
02:07:18.524 [main] INFO org.springframework.test.context.support.AnnotationConfigContextLoaderUtils - Could not detect default configuration classes for test class [es.sms.bolsa.oracleforms.conexion.AccesoSessionDaoTest]: AccesoSessionDaoTest does not declare any static, non-private, non-final, nested classes annotated with @Configuration.
02:07:18.624 [main] DEBUG org.springframework.context.annotation.ClassPathScanningCandidateComponentProvider - Identified candidate component class: file [D:\Proyectos\Boltra Bolsawebapp\boltra\bolsa-webapp\target\classes\es\sms\bolsa\WebApplicationConfig.class]
02:07:18.626 [main] INFO org.springframework.boot.test.context.SpringBootTestContextBootstrapper - Found @SpringBootConfiguration es.sms.bolsa.WebApplicationConfig for test class es.sms.bolsa.oracleforms.conexion.AccesoSessionDaoTest
02:07:18.628 [main] DEBUG org.springframework.boot.test.autoconfigure.jdbc.JdbcTestContextBootstrapper - @TestExecutionListeners is not present for class [es.sms.bolsa.oracleforms.conexion.AccesoSessionDaoTest]: using defaults.
02:07:18.628 [main] INFO org.springframework.boot.test.autoconfigure.jdbc.JdbcTestContextBootstrapper - Loaded default TestExecutionListener class names from location [META-INF/spring.factories]: [org.springframework.boot.test.mock.mockito.MockitoTestExecutionListener, org.springframework.boot.test.mock.mockito.ResetMocksTestExecutionListener, org.springframework.boot.test.autoconfigure.restdocs.RestDocsTestExecutionListener, org.springframework.boot.test.autoconfigure.web.client.MockRestServiceServerResetTestExecutionListener, org.springframework.boot.test.autoconfigure.web.servlet.MockMvcPrintOnlyOnFailureTestExecutionListener, org.springframework.boot.test.autoconfigure.web.servlet.WebDriverTestExecutionListener, org.springframework.test.context.web.ServletTestExecutionListener, org.springframework.test.context.support.DirtiesContextBeforeModesTestExecutionListener, org.springframework.test.context.support.DependencyInjectionTestExecutionListener, org.springframework.test.context.support.DirtiesContextTestExecutionListener, org.springframework.test.context.transaction.TransactionalTestExecutionListener, org.springframework.test.context.jdbc.SqlScriptsTestExecutionListener, org.springframework.security.test.context.support.WithSecurityContextTestExecutionListener, org.springframework.security.test.context.support.ReactorContextTestExecutionListener]
02:07:18.644 [main] INFO org.springframework.boot.test.autoconfigure.jdbc.JdbcTestContextBootstrapper - Using TestExecutionListeners: [org.springframework.test.context.web.ServletTestExecutionListener@1195e57, org.springframework.test.context.support.DirtiesContextBeforeModesTestExecutionListener@13291e3, org.springframework.boot.test.mock.mockito.MockitoTestExecutionListener@19d31f3, org.springframework.boot.test.autoconfigure.SpringBootDependencyInjectionTestExecutionListener@ef3420, org.springframework.test.context.support.DirtiesContextTestExecutionListener@18d318c, org.springframework.test.context.transaction.TransactionalTestExecutionListener@171cd7, org.springframework.test.context.jdbc.SqlScriptsTestExecutionListener@2bba4f, org.springframework.security.test.context.support.WithSecurityContextTestExecutionListener@15cd85e, org.springframework.security.test.context.support.ReactorContextTestExecutionListener@1fd97a8, org.springframework.boot.test.mock.mockito.ResetMocksTestExecutionListener@15ac9e4, org.springframework.boot.test.autoconfigure.restdocs.RestDocsTestExecutionListener@3ef382, org.springframework.boot.test.autoconfigure.web.client.MockRestServiceServerResetTestExecutionListener@1bf57b3, org.springframework.boot.test.autoconfigure.web.servlet.MockMvcPrintOnlyOnFailureTestExecutionListener@4ad17b, org.springframework.boot.test.autoconfigure.web.servlet.WebDriverTestExecutionListener@1862a7f]
02:07:18.646 [main] DEBUG org.springframework.test.annotation.ProfileValueUtils - Retrieved @ProfileValueSourceConfiguration [null] for test class [es.sms.bolsa.oracleforms.conexion.AccesoSessionDaoTest]
02:07:18.646 [main] DEBUG org.springframework.test.annotation.ProfileValueUtils - Retrieved ProfileValueSource type [class org.springframework.test.annotation.SystemProfileValueSource] for class [es.sms.bolsa.oracleforms.conexion.AccesoSessionDaoTest]
02:07:18.647 [main] DEBUG org.springframework.test.annotation.ProfileValueUtils - Retrieved @ProfileValueSourceConfiguration [null] for test class [es.sms.bolsa.oracleforms.conexion.AccesoSessionDaoTest]
02:07:18.647 [main] DEBUG org.springframework.test.annotation.ProfileValueUtils - Retrieved ProfileValueSource type [class org.springframework.test.annotation.SystemProfileValueSource] for class [es.sms.bolsa.oracleforms.conexion.AccesoSessionDaoTest]
02:07:18.647 [main] DEBUG org.springframework.test.annotation.ProfileValueUtils - Retrieved @ProfileValueSourceConfiguration [null] for test class [es.sms.bolsa.oracleforms.conexion.AccesoSessionDaoTest]
02:07:18.647 [main] DEBUG org.springframework.test.annotation.ProfileValueUtils - Retrieved ProfileValueSource type [class org.springframework.test.annotation.SystemProfileValueSource] for class [es.sms.bolsa.oracleforms.conexion.AccesoSessionDaoTest]
02:07:18.650 [main] DEBUG org.springframework.test.context.support.AbstractDirtiesContextTestExecutionListener - Before test class: context [DefaultTestContext@1a268de testClass = AccesoSessionDaoTest, testInstance = [null], testMethod = [null], testException = [null], mergedContextConfiguration = [MergedContextConfiguration@16ee6e4 testClass = AccesoSessionDaoTest, locations = '{}', classes = '{class es.sms.bolsa.WebApplicationConfig}', contextInitializerClasses = '[]', activeProfiles = '{dev}', propertySourceLocations = '{}', propertySourceProperties = '{org.springframework.boot.test.autoconfigure.jdbc.JdbcTestContextBootstrapper=true}', contextCustomizers = set[[ImportsContextCustomizer@66af20 key = [es.sms.bolsa.oracleforms.conexion.JdbcAccesoSessionDao, es.sms.bolsa.config.DataSourceConfig, org.springframework.boot.autoconfigure.cache.CacheAutoConfiguration, org.springframework.boot.autoconfigure.flyway.FlywayAutoConfiguration, org.springframework.boot.autoconfigure.jdbc.DataSourceAutoConfiguration, org.springframework.boot.autoconfigure.jdbc.DataSourceTransactionManagerAutoConfiguration, org.springframework.boot.autoconfigure.jdbc.JdbcTemplateAutoConfiguration, org.springframework.boot.autoconfigure.liquibase.LiquibaseAutoConfiguration, org.springframework.boot.autoconfigure.transaction.TransactionAutoConfiguration, org.springframework.boot.test.autoconfigure.jdbc.TestDatabaseAutoConfiguration]], org.springframework.boot.test.context.filter.ExcludeFilterContextCustomizer@1d5872c, org.springframework.boot.test.json.DuplicateJsonObjectContextCustomizerFactory$DuplicateJsonObjectContextCustomizer@e12bac, org.springframework.boot.test.mock.mockito.MockitoContextCustomizer@0, org.springframework.boot.test.autoconfigure.OverrideAutoConfigurationContextCustomizerFactory$DisableAutoConfigurationContextCustomizer@1083826, org.springframework.boot.test.autoconfigure.filter.TypeExcludeFiltersContextCustomizer@351584c0, org.springframework.boot.test.autoconfigure.properties.PropertyMappingContextCustomizer@bd02b6cb, org.springframework.boot.test.autoconfigure.web.servlet.WebDriverContextCustomizerFactory$Customizer@11a7f8f], contextLoader = 'org.springframework.boot.test.context.SpringBootContextLoader', parent = [null]], attributes = map[[empty]]], class annotated with @DirtiesContext [false] with mode [null].
02:07:18.651 [main] DEBUG org.springframework.test.annotation.ProfileValueUtils - Retrieved @ProfileValueSourceConfiguration [null] for test class [es.sms.bolsa.oracleforms.conexion.AccesoSessionDaoTest]
02:07:18.651 [main] DEBUG org.springframework.test.annotation.ProfileValueUtils - Retrieved ProfileValueSource type [class org.springframework.test.annotation.SystemProfileValueSource] for class [es.sms.bolsa.oracleforms.conexion.AccesoSessionDaoTest]
02:07:18.656 [main] DEBUG org.springframework.test.context.support.DependencyInjectionTestExecutionListener - Performing dependency injection for test context [[DefaultTestContext@1a268de testClass = AccesoSessionDaoTest, testInstance = es.sms.bolsa.oracleforms.conexion.AccesoSessionDaoTest@64cb25, testMethod = [null], testException = [null], mergedContextConfiguration = [MergedContextConfiguration@16ee6e4 testClass = AccesoSessionDaoTest, locations = '{}', classes = '{class es.sms.bolsa.WebApplicationConfig}', contextInitializerClasses = '[]', activeProfiles = '{dev}', propertySourceLocations = '{}', propertySourceProperties = '{org.springframework.boot.test.autoconfigure.jdbc.JdbcTestContextBootstrapper=true}', contextCustomizers = set[[ImportsContextCustomizer@66af20 key = [es.sms.bolsa.oracleforms.conexion.JdbcAccesoSessionDao, es.sms.bolsa.config.DataSourceConfig, org.springframework.boot.autoconfigure.cache.CacheAutoConfiguration, org.springframework.boot.autoconfigure.flyway.FlywayAutoConfiguration, org.springframework.boot.autoconfigure.jdbc.DataSourceAutoConfiguration, org.springframework.boot.autoconfigure.jdbc.DataSourceTransactionManagerAutoConfiguration, org.springframework.boot.autoconfigure.jdbc.JdbcTemplateAutoConfiguration, org.springframework.boot.autoconfigure.liquibase.LiquibaseAutoConfiguration, org.springframework.boot.autoconfigure.transaction.TransactionAutoConfiguration, org.springframework.boot.test.autoconfigure.jdbc.TestDatabaseAutoConfiguration]], org.springframework.boot.test.context.filter.ExcludeFilterContextCustomizer@1d5872c, org.springframework.boot.test.json.DuplicateJsonObjectContextCustomizerFactory$DuplicateJsonObjectContextCustomizer@e12bac, org.springframework.boot.test.mock.mockito.MockitoContextCustomizer@0, org.springframework.boot.test.autoconfigure.OverrideAutoConfigurationContextCustomizerFactory$DisableAutoConfigurationContextCustomizer@1083826, org.springframework.boot.test.autoconfigure.filter.TypeExcludeFiltersContextCustomizer@351584c0, org.springframework.boot.test.autoconfigure.properties.PropertyMappingContextCustomizer@bd02b6cb, org.springframework.boot.test.autoconfigure.web.servlet.WebDriverContextCustomizerFactory$Customizer@11a7f8f], contextLoader = 'org.springframework.boot.test.context.SpringBootContextLoader', parent = [null]], attributes = map[[empty]]]].
02:07:18.758 [main] DEBUG org.springframework.test.context.support.TestPropertySourceUtils - Adding inlined properties to environment: {spring.jmx.enabled=false, org.springframework.boot.test.autoconfigure.jdbc.JdbcTestContextBootstrapper=true, server.port=-1}

  .   ____          _            __ _ _
 /\\ / ___'_ __ _ _(_)_ __  __ _ \ \ \ \
( ( )\___ | '_ | '_| | '_ \/ _` | \ \ \ \
 \\/  ___)| |_)| | | | | || (_| |  ) ) ) )
  '  |____| .__|_| |_|_| |_\__, | / / / /
 =========|_|==============|___/=/_/_/_/
 :: Spring Boot ::        (v2.1.1.RELEASE)

2020-12-11 02:07:18.948  INFO 12796 --- [           main] e.s.b.o.conexion.AccesoSessionDaoTest    : Starting AccesoSessionDaoTest on PORT199 with PID 12796 (started by Metaenlace in D:\Proyectos\Boltra Bolsawebapp\boltra\bolsa-webapp)
2020-12-11 02:07:18.948  INFO 12796 --- [           main] e.s.b.o.conexion.AccesoSessionDaoTest    : The following profiles are active: dev
2020-12-11 02:07:19.706  INFO 12796 --- [           main] e.s.b.o.conexion.AccesoSessionDaoTest    : Started AccesoSessionDaoTest in 0.946 seconds (JVM running for 1.588)
2020-12-11 02:07:19.717  INFO 12796 --- [           main] com.zaxxer.hikari.HikariDataSource       : HikariPool-1 - Starting...
2020-12-11 02:07:19.719  WARN 12796 --- [           main] com.zaxxer.hikari.util.DriverDataSource  : Registered driver with driverClassName=oracle.jdbc.driver.OracleDriver was not found, trying direct instantiation.
2020-12-11 02:07:41.824 ERROR 12796 --- [           main] com.zaxxer.hikari.pool.HikariPool        : HikariPool-1 - Exception during pool initialization.

java.sql.SQLRecoverableException: Error de E/S: The Network Adapter could not establish the connection
	at oracle.jdbc.driver.T4CConnection.logon(T4CConnection.java:419) ~[ojdbc6-11.2.0.2.0.jar:11.2.0.2.0]
	at oracle.jdbc.driver.PhysicalConnection.<init>(PhysicalConnection.java:536) ~[ojdbc6-11.2.0.2.0.jar:11.2.0.2.0]
	at oracle.jdbc.driver.T4CConnection.<init>(T4CConnection.java:228) ~[ojdbc6-11.2.0.2.0.jar:11.2.0.2.0]
	at oracle.jdbc.driver.T4CDriverExtension.getConnection(T4CDriverExtension.java:32) ~[ojdbc6-11.2.0.2.0.jar:11.2.0.2.0]
	at oracle.jdbc.driver.OracleDriver.connect(OracleDriver.java:521) ~[ojdbc6-11.2.0.2.0.jar:11.2.0.2.0]
	at com.zaxxer.hikari.util.DriverDataSource.getConnection(DriverDataSource.java:136) ~[HikariCP-3.2.0.jar:na]
	at com.zaxxer.hikari.pool.PoolBase.newConnection(PoolBase.java:369) ~[HikariCP-3.2.0.jar:na]
	at com.zaxxer.hikari.pool.PoolBase.newPoolEntry(PoolBase.java:198) ~[HikariCP-3.2.0.jar:na]
	at com.zaxxer.hikari.pool.HikariPool.createPoolEntry(HikariPool.java:467) [HikariCP-3.2.0.jar:na]
	at com.zaxxer.hikari.pool.HikariPool.checkFailFast(HikariPool.java:541) [HikariCP-3.2.0.jar:na]
	at com.zaxxer.hikari.pool.HikariPool.<init>(HikariPool.java:115) [HikariCP-3.2.0.jar:na]
	at com.zaxxer.hikari.HikariDataSource.getConnection(HikariDataSource.java:112) [HikariCP-3.2.0.jar:na]
	at org.springframework.jdbc.datasource.DataSourceTransactionManager.doBegin(DataSourceTransactionManager.java:262) [spring-jdbc-5.1.3.RELEASE.jar:5.1.3.RELEASE]
	at org.springframework.transaction.support.AbstractPlatformTransactionManager.getTransaction(AbstractPlatformTransactionManager.java:378) [spring-tx-5.1.3.RELEASE.jar:5.1.3.RELEASE]
	at org.springframework.test.context.transaction.TransactionContext.startTransaction(TransactionContext.java:103) [spring-test-5.1.3.RELEASE.jar:5.1.3.RELEASE]
	at org.springframework.test.context.transaction.TransactionalTestExecutionListener.beforeTestMethod(TransactionalTestExecutionListener.java:192) [spring-test-5.1.3.RELEASE.jar:5.1.3.RELEASE]
	at org.springframework.test.context.TestContextManager.beforeTestMethod(TestContextManager.java:291) [spring-test-5.1.3.RELEASE.jar:5.1.3.RELEASE]
	at org.springframework.test.context.junit4.statements.RunBeforeTestMethodCallbacks.evaluate(RunBeforeTestMethodCallbacks.java:74) [spring-test-5.1.3.RELEASE.jar:5.1.3.RELEASE]
	at org.springframework.test.context.junit4.statements.RunAfterTestMethodCallbacks.evaluate(RunAfterTestMethodCallbacks.java:86) [spring-test-5.1.3.RELEASE.jar:5.1.3.RELEASE]
	at org.springframework.test.context.junit4.statements.SpringRepeat.evaluate(SpringRepeat.java:84) [spring-test-5.1.3.RELEASE.jar:5.1.3.RELEASE]
	at org.junit.runners.ParentRunner.runLeaf(ParentRunner.java:325) [junit-4.12.jar:4.12]
	at org.springframework.test.context.junit4.SpringJUnit4ClassRunner.runChild(SpringJUnit4ClassRunner.java:251) [spring-test-5.1.3.RELEASE.jar:5.1.3.RELEASE]
	at org.springframework.test.context.junit4.SpringJUnit4ClassRunner.runChild(SpringJUnit4ClassRunner.java:97) [spring-test-5.1.3.RELEASE.jar:5.1.3.RELEASE]
	at org.junit.runners.ParentRunner$3.run(ParentRunner.java:290) [junit-4.12.jar:4.12]
	at org.junit.runners.ParentRunner$1.schedule(ParentRunner.java:71) [junit-4.12.jar:4.12]
	at org.junit.runners.ParentRunner.runChildren(ParentRunner.java:288) [junit-4.12.jar:4.12]
	at org.junit.runners.ParentRunner.access$000(ParentRunner.java:58) [junit-4.12.jar:4.12]
	at org.junit.runners.ParentRunner$2.evaluate(ParentRunner.java:268) [junit-4.12.jar:4.12]
	at org.springframework.test.context.junit4.statements.RunBeforeTestClassCallbacks.evaluate(RunBeforeTestClassCallbacks.java:61) [spring-test-5.1.3.RELEASE.jar:5.1.3.RELEASE]
	at org.springframework.test.context.junit4.statements.RunAfterTestClassCallbacks.evaluate(RunAfterTestClassCallbacks.java:70) [spring-test-5.1.3.RELEASE.jar:5.1.3.RELEASE]
	at org.junit.runners.ParentRunner.run(ParentRunner.java:363) [junit-4.12.jar:4.12]
	at org.springframework.test.context.junit4.SpringJUnit4ClassRunner.run(SpringJUnit4ClassRunner.java:190) [spring-test-5.1.3.RELEASE.jar:5.1.3.RELEASE]
	at org.apache.maven.surefire.junit4.JUnit4Provider.execute(JUnit4Provider.java:365) [surefire-junit4-2.22.1.jar:2.22.1]
	at org.apache.maven.surefire.junit4.JUnit4Provider.executeWithRerun(JUnit4Provider.java:273) [surefire-junit4-2.22.1.jar:2.22.1]
	at org.apache.maven.surefire.junit4.JUnit4Provider.executeTestSet(JUnit4Provider.java:238) [surefire-junit4-2.22.1.jar:2.22.1]
	at org.apache.maven.surefire.junit4.JUnit4Provider.invoke(JUnit4Provider.java:159) [surefire-junit4-2.22.1.jar:2.22.1]
	at org.apache.maven.surefire.booter.ForkedBooter.invokeProviderInSameClassLoader(ForkedBooter.java:384) [surefire-booter-2.22.1.jar:2.22.1]
	at org.apache.maven.surefire.booter.ForkedBooter.runSuitesInProcess(ForkedBooter.java:345) [surefire-booter-2.22.1.jar:2.22.1]
	at org.apache.maven.surefire.booter.ForkedBooter.execute(ForkedBooter.java:126) [surefire-booter-2.22.1.jar:2.22.1]
	at org.apache.maven.surefire.booter.ForkedBooter.main(ForkedBooter.java:418) [surefire-booter-2.22.1.jar:2.22.1]
Caused by: oracle.net.ns.NetException: The Network Adapter could not establish the connection
	at oracle.net.nt.ConnStrategy.execute(ConnStrategy.java:375) ~[ojdbc6-11.2.0.2.0.jar:11.2.0.2.0]
	at oracle.net.resolver.AddrResolution.resolveAndExecute(AddrResolution.java:422) ~[ojdbc6-11.2.0.2.0.jar:11.2.0.2.0]
	at oracle.net.ns.NSProtocol.establishConnection(NSProtocol.java:678) ~[ojdbc6-11.2.0.2.0.jar:11.2.0.2.0]
	at oracle.net.ns.NSProtocol.connect(NSProtocol.java:238) ~[ojdbc6-11.2.0.2.0.jar:11.2.0.2.0]
	at oracle.jdbc.driver.T4CConnection.connect(T4CConnection.java:1054) ~[ojdbc6-11.2.0.2.0.jar:11.2.0.2.0]
	at oracle.jdbc.driver.T4CConnection.logon(T4CConnection.java:308) ~[ojdbc6-11.2.0.2.0.jar:11.2.0.2.0]
	... 39 common frames omitted
Caused by: java.net.ConnectException: Connection timed out: connect
	at java.net.DualStackPlainSocketImpl.waitForConnect(Native Method) ~[na:1.8.0_271]
	at java.net.DualStackPlainSocketImpl.socketConnect(DualStackPlainSocketImpl.java:81) ~[na:1.8.0_271]
	at java.net.AbstractPlainSocketImpl.doConnect(AbstractPlainSocketImpl.java:476) ~[na:1.8.0_271]
	at java.net.AbstractPlainSocketImpl.connectToAddress(AbstractPlainSocketImpl.java:218) ~[na:1.8.0_271]
	at java.net.AbstractPlainSocketImpl.connect(AbstractPlainSocketImpl.java:200) ~[na:1.8.0_271]
	at java.net.PlainSocketImpl.connect(PlainSocketImpl.java:162) ~[na:1.8.0_271]
	at java.net.SocksSocketImpl.connect(SocksSocketImpl.java:394) ~[na:1.8.0_271]
	at java.net.Socket.connect(Socket.java:606) ~[na:1.8.0_271]
	at oracle.net.nt.TcpNTAdapter.connect(TcpNTAdapter.java:209) ~[ojdbc6-11.2.0.2.0.jar:11.2.0.2.0]
	at oracle.net.nt.ConnOption.connect(ConnOption.java:123) ~[ojdbc6-11.2.0.2.0.jar:11.2.0.2.0]
	at oracle.net.nt.ConnStrategy.execute(ConnStrategy.java:353) ~[ojdbc6-11.2.0.2.0.jar:11.2.0.2.0]
	... 44 common frames omitted

2020-12-11 02:07:41.826  WARN 12796 --- [           main] o.s.test.context.TestContextManager      : Caught exception while invoking 'beforeTestMethod' callback on TestExecutionListener [org.springframework.test.context.transaction.TransactionalTestExecutionListener@171cd7] for test method [public void es.sms.bolsa.oracleforms.conexion.AccesoSessionDaoTest.seAbreSesionOk()] and test instance [es.sms.bolsa.oracleforms.conexion.AccesoSessionDaoTest@64cb25]

org.springframework.transaction.CannotCreateTransactionException: Could not open JDBC Connection for transaction; nested exception is java.sql.SQLRecoverableException: Error de E/S: The Network Adapter could not establish the connection
	at org.springframework.jdbc.datasource.DataSourceTransactionManager.doBegin(DataSourceTransactionManager.java:305) ~[spring-jdbc-5.1.3.RELEASE.jar:5.1.3.RELEASE]
	at org.springframework.transaction.support.AbstractPlatformTransactionManager.getTransaction(AbstractPlatformTransactionManager.java:378) ~[spring-tx-5.1.3.RELEASE.jar:5.1.3.RELEASE]
	at org.springframework.test.context.transaction.TransactionContext.startTransaction(TransactionContext.java:103) ~[spring-test-5.1.3.RELEASE.jar:5.1.3.RELEASE]
	at org.springframework.test.context.transaction.TransactionalTestExecutionListener.beforeTestMethod(TransactionalTestExecutionListener.java:192) ~[spring-test-5.1.3.RELEASE.jar:5.1.3.RELEASE]
	at org.springframework.test.context.TestContextManager.beforeTestMethod(TestContextManager.java:291) ~[spring-test-5.1.3.RELEASE.jar:5.1.3.RELEASE]
	at org.springframework.test.context.junit4.statements.RunBeforeTestMethodCallbacks.evaluate(RunBeforeTestMethodCallbacks.java:74) [spring-test-5.1.3.RELEASE.jar:5.1.3.RELEASE]
	at org.springframework.test.context.junit4.statements.RunAfterTestMethodCallbacks.evaluate(RunAfterTestMethodCallbacks.java:86) [spring-test-5.1.3.RELEASE.jar:5.1.3.RELEASE]
	at org.springframework.test.context.junit4.statements.SpringRepeat.evaluate(SpringRepeat.java:84) [spring-test-5.1.3.RELEASE.jar:5.1.3.RELEASE]
	at org.junit.runners.ParentRunner.runLeaf(ParentRunner.java:325) [junit-4.12.jar:4.12]
	at org.springframework.test.context.junit4.SpringJUnit4ClassRunner.runChild(SpringJUnit4ClassRunner.java:251) [spring-test-5.1.3.RELEASE.jar:5.1.3.RELEASE]
	at org.springframework.test.context.junit4.SpringJUnit4ClassRunner.runChild(SpringJUnit4ClassRunner.java:97) [spring-test-5.1.3.RELEASE.jar:5.1.3.RELEASE]
	at org.junit.runners.ParentRunner$3.run(ParentRunner.java:290) [junit-4.12.jar:4.12]
	at org.junit.runners.ParentRunner$1.schedule(ParentRunner.java:71) [junit-4.12.jar:4.12]
	at org.junit.runners.ParentRunner.runChildren(ParentRunner.java:288) [junit-4.12.jar:4.12]
	at org.junit.runners.ParentRunner.access$000(ParentRunner.java:58) [junit-4.12.jar:4.12]
	at org.junit.runners.ParentRunner$2.evaluate(ParentRunner.java:268) [junit-4.12.jar:4.12]
	at org.springframework.test.context.junit4.statements.RunBeforeTestClassCallbacks.evaluate(RunBeforeTestClassCallbacks.java:61) [spring-test-5.1.3.RELEASE.jar:5.1.3.RELEASE]
	at org.springframework.test.context.junit4.statements.RunAfterTestClassCallbacks.evaluate(RunAfterTestClassCallbacks.java:70) [spring-test-5.1.3.RELEASE.jar:5.1.3.RELEASE]
	at org.junit.runners.ParentRunner.run(ParentRunner.java:363) [junit-4.12.jar:4.12]
	at org.springframework.test.context.junit4.SpringJUnit4ClassRunner.run(SpringJUnit4ClassRunner.java:190) [spring-test-5.1.3.RELEASE.jar:5.1.3.RELEASE]
	at org.apache.maven.surefire.junit4.JUnit4Provider.execute(JUnit4Provider.java:365) [surefire-junit4-2.22.1.jar:2.22.1]
	at org.apache.maven.surefire.junit4.JUnit4Provider.executeWithRerun(JUnit4Provider.java:273) [surefire-junit4-2.22.1.jar:2.22.1]
	at org.apache.maven.surefire.junit4.JUnit4Provider.executeTestSet(JUnit4Provider.java:238) [surefire-junit4-2.22.1.jar:2.22.1]
	at org.apache.maven.surefire.junit4.JUnit4Provider.invoke(JUnit4Provider.java:159) [surefire-junit4-2.22.1.jar:2.22.1]
	at org.apache.maven.surefire.booter.ForkedBooter.invokeProviderInSameClassLoader(ForkedBooter.java:384) [surefire-booter-2.22.1.jar:2.22.1]
	at org.apache.maven.surefire.booter.ForkedBooter.runSuitesInProcess(ForkedBooter.java:345) [surefire-booter-2.22.1.jar:2.22.1]
	at org.apache.maven.surefire.booter.ForkedBooter.execute(ForkedBooter.java:126) [surefire-booter-2.22.1.jar:2.22.1]
	at org.apache.maven.surefire.booter.ForkedBooter.main(ForkedBooter.java:418) [surefire-booter-2.22.1.jar:2.22.1]
Caused by: java.sql.SQLRecoverableException: Error de E/S: The Network Adapter could not establish the connection
	at oracle.jdbc.driver.T4CConnection.logon(T4CConnection.java:419) ~[ojdbc6-11.2.0.2.0.jar:11.2.0.2.0]
	at oracle.jdbc.driver.PhysicalConnection.<init>(PhysicalConnection.java:536) ~[ojdbc6-11.2.0.2.0.jar:11.2.0.2.0]
	at oracle.jdbc.driver.T4CConnection.<init>(T4CConnection.java:228) ~[ojdbc6-11.2.0.2.0.jar:11.2.0.2.0]
	at oracle.jdbc.driver.T4CDriverExtension.getConnection(T4CDriverExtension.java:32) ~[ojdbc6-11.2.0.2.0.jar:11.2.0.2.0]
	at oracle.jdbc.driver.OracleDriver.connect(OracleDriver.java:521) ~[ojdbc6-11.2.0.2.0.jar:11.2.0.2.0]
	at com.zaxxer.hikari.util.DriverDataSource.getConnection(DriverDataSource.java:136) ~[HikariCP-3.2.0.jar:na]
	at com.zaxxer.hikari.pool.PoolBase.newConnection(PoolBase.java:369) ~[HikariCP-3.2.0.jar:na]
	at com.zaxxer.hikari.pool.PoolBase.newPoolEntry(PoolBase.java:198) ~[HikariCP-3.2.0.jar:na]
	at com.zaxxer.hikari.pool.HikariPool.createPoolEntry(HikariPool.java:467) ~[HikariCP-3.2.0.jar:na]
	at com.zaxxer.hikari.pool.HikariPool.checkFailFast(HikariPool.java:541) ~[HikariCP-3.2.0.jar:na]
	at com.zaxxer.hikari.pool.HikariPool.<init>(HikariPool.java:115) ~[HikariCP-3.2.0.jar:na]
	at com.zaxxer.hikari.HikariDataSource.getConnection(HikariDataSource.java:112) ~[HikariCP-3.2.0.jar:na]
	at org.springframework.jdbc.datasource.DataSourceTransactionManager.doBegin(DataSourceTransactionManager.java:262) ~[spring-jdbc-5.1.3.RELEASE.jar:5.1.3.RELEASE]
	... 27 common frames omitted
Caused by: oracle.net.ns.NetException: The Network Adapter could not establish the connection
	at oracle.net.nt.ConnStrategy.execute(ConnStrategy.java:375) ~[ojdbc6-11.2.0.2.0.jar:11.2.0.2.0]
	at oracle.net.resolver.AddrResolution.resolveAndExecute(AddrResolution.java:422) ~[ojdbc6-11.2.0.2.0.jar:11.2.0.2.0]
	at oracle.net.ns.NSProtocol.establishConnection(NSProtocol.java:678) ~[ojdbc6-11.2.0.2.0.jar:11.2.0.2.0]
	at oracle.net.ns.NSProtocol.connect(NSProtocol.java:238) ~[ojdbc6-11.2.0.2.0.jar:11.2.0.2.0]
	at oracle.jdbc.driver.T4CConnection.connect(T4CConnection.java:1054) ~[ojdbc6-11.2.0.2.0.jar:11.2.0.2.0]
	at oracle.jdbc.driver.T4CConnection.logon(T4CConnection.java:308) ~[ojdbc6-11.2.0.2.0.jar:11.2.0.2.0]
	... 39 common frames omitted
Caused by: java.net.ConnectException: Connection timed out: connect
	at java.net.DualStackPlainSocketImpl.waitForConnect(Native Method) ~[na:1.8.0_271]
	at java.net.DualStackPlainSocketImpl.socketConnect(DualStackPlainSocketImpl.java:81) ~[na:1.8.0_271]
	at java.net.AbstractPlainSocketImpl.doConnect(AbstractPlainSocketImpl.java:476) ~[na:1.8.0_271]
	at java.net.AbstractPlainSocketImpl.connectToAddress(AbstractPlainSocketImpl.java:218) ~[na:1.8.0_271]
	at java.net.AbstractPlainSocketImpl.connect(AbstractPlainSocketImpl.java:200) ~[na:1.8.0_271]
	at java.net.PlainSocketImpl.connect(PlainSocketImpl.java:162) ~[na:1.8.0_271]
	at java.net.SocksSocketImpl.connect(SocksSocketImpl.java:394) ~[na:1.8.0_271]
	at java.net.Socket.connect(Socket.java:606) ~[na:1.8.0_271]
	at oracle.net.nt.TcpNTAdapter.connect(TcpNTAdapter.java:209) ~[ojdbc6-11.2.0.2.0.jar:11.2.0.2.0]
	at oracle.net.nt.ConnOption.connect(ConnOption.java:123) ~[ojdbc6-11.2.0.2.0.jar:11.2.0.2.0]
	at oracle.net.nt.ConnStrategy.execute(ConnStrategy.java:353) ~[ojdbc6-11.2.0.2.0.jar:11.2.0.2.0]
	... 44 common frames omitted

]]></system-out>
  </testcase>
  <testcase name="seCreaSesionFormsOk" classname="es.sms.bolsa.oracleforms.conexion.AccesoSessionDaoTest" time="22.084">
    <error message="Could not open JDBC Connection for transaction; nested exception is java.sql.SQLRecoverableException: Error de E/S: The Network Adapter could not establish the connection" type="org.springframework.transaction.CannotCreateTransactionException">org.springframework.transaction.CannotCreateTransactionException: Could not open JDBC Connection for transaction; nested exception is java.sql.SQLRecoverableException: Error de E/S: The Network Adapter could not establish the connection
Caused by: java.sql.SQLRecoverableException: Error de E/S: The Network Adapter could not establish the connection
Caused by: oracle.net.ns.NetException: The Network Adapter could not establish the connection
Caused by: java.net.ConnectException: Connection timed out: connect
</error>
    <system-out><![CDATA[2020-12-11 02:07:41.978  INFO 12796 --- [           main] com.zaxxer.hikari.HikariDataSource       : HikariPool-1 - Starting...
2020-12-11 02:07:41.978  WARN 12796 --- [           main] com.zaxxer.hikari.util.DriverDataSource  : Registered driver with driverClassName=oracle.jdbc.driver.OracleDriver was not found, trying direct instantiation.
2020-12-11 02:08:04.038 ERROR 12796 --- [           main] com.zaxxer.hikari.pool.HikariPool        : HikariPool-1 - Exception during pool initialization.

java.sql.SQLRecoverableException: Error de E/S: The Network Adapter could not establish the connection
	at oracle.jdbc.driver.T4CConnection.logon(T4CConnection.java:419) ~[ojdbc6-11.2.0.2.0.jar:11.2.0.2.0]
	at oracle.jdbc.driver.PhysicalConnection.<init>(PhysicalConnection.java:536) ~[ojdbc6-11.2.0.2.0.jar:11.2.0.2.0]
	at oracle.jdbc.driver.T4CConnection.<init>(T4CConnection.java:228) ~[ojdbc6-11.2.0.2.0.jar:11.2.0.2.0]
	at oracle.jdbc.driver.T4CDriverExtension.getConnection(T4CDriverExtension.java:32) ~[ojdbc6-11.2.0.2.0.jar:11.2.0.2.0]
	at oracle.jdbc.driver.OracleDriver.connect(OracleDriver.java:521) ~[ojdbc6-11.2.0.2.0.jar:11.2.0.2.0]
	at com.zaxxer.hikari.util.DriverDataSource.getConnection(DriverDataSource.java:136) ~[HikariCP-3.2.0.jar:na]
	at com.zaxxer.hikari.pool.PoolBase.newConnection(PoolBase.java:369) ~[HikariCP-3.2.0.jar:na]
	at com.zaxxer.hikari.pool.PoolBase.newPoolEntry(PoolBase.java:198) ~[HikariCP-3.2.0.jar:na]
	at com.zaxxer.hikari.pool.HikariPool.createPoolEntry(HikariPool.java:467) [HikariCP-3.2.0.jar:na]
	at com.zaxxer.hikari.pool.HikariPool.checkFailFast(HikariPool.java:541) [HikariCP-3.2.0.jar:na]
	at com.zaxxer.hikari.pool.HikariPool.<init>(HikariPool.java:115) [HikariCP-3.2.0.jar:na]
	at com.zaxxer.hikari.HikariDataSource.getConnection(HikariDataSource.java:112) [HikariCP-3.2.0.jar:na]
	at org.springframework.jdbc.datasource.DataSourceTransactionManager.doBegin(DataSourceTransactionManager.java:262) [spring-jdbc-5.1.3.RELEASE.jar:5.1.3.RELEASE]
	at org.springframework.transaction.support.AbstractPlatformTransactionManager.getTransaction(AbstractPlatformTransactionManager.java:378) [spring-tx-5.1.3.RELEASE.jar:5.1.3.RELEASE]
	at org.springframework.test.context.transaction.TransactionContext.startTransaction(TransactionContext.java:103) [spring-test-5.1.3.RELEASE.jar:5.1.3.RELEASE]
	at org.springframework.test.context.transaction.TransactionalTestExecutionListener.beforeTestMethod(TransactionalTestExecutionListener.java:192) [spring-test-5.1.3.RELEASE.jar:5.1.3.RELEASE]
	at org.springframework.test.context.TestContextManager.beforeTestMethod(TestContextManager.java:291) [spring-test-5.1.3.RELEASE.jar:5.1.3.RELEASE]
	at org.springframework.test.context.junit4.statements.RunBeforeTestMethodCallbacks.evaluate(RunBeforeTestMethodCallbacks.java:74) [spring-test-5.1.3.RELEASE.jar:5.1.3.RELEASE]
	at org.springframework.test.context.junit4.statements.RunAfterTestMethodCallbacks.evaluate(RunAfterTestMethodCallbacks.java:86) [spring-test-5.1.3.RELEASE.jar:5.1.3.RELEASE]
	at org.springframework.test.context.junit4.statements.SpringRepeat.evaluate(SpringRepeat.java:84) [spring-test-5.1.3.RELEASE.jar:5.1.3.RELEASE]
	at org.junit.runners.ParentRunner.runLeaf(ParentRunner.java:325) [junit-4.12.jar:4.12]
	at org.springframework.test.context.junit4.SpringJUnit4ClassRunner.runChild(SpringJUnit4ClassRunner.java:251) [spring-test-5.1.3.RELEASE.jar:5.1.3.RELEASE]
	at org.springframework.test.context.junit4.SpringJUnit4ClassRunner.runChild(SpringJUnit4ClassRunner.java:97) [spring-test-5.1.3.RELEASE.jar:5.1.3.RELEASE]
	at org.junit.runners.ParentRunner$3.run(ParentRunner.java:290) [junit-4.12.jar:4.12]
	at org.junit.runners.ParentRunner$1.schedule(ParentRunner.java:71) [junit-4.12.jar:4.12]
	at org.junit.runners.ParentRunner.runChildren(ParentRunner.java:288) [junit-4.12.jar:4.12]
	at org.junit.runners.ParentRunner.access$000(ParentRunner.java:58) [junit-4.12.jar:4.12]
	at org.junit.runners.ParentRunner$2.evaluate(ParentRunner.java:268) [junit-4.12.jar:4.12]
	at org.springframework.test.context.junit4.statements.RunBeforeTestClassCallbacks.evaluate(RunBeforeTestClassCallbacks.java:61) [spring-test-5.1.3.RELEASE.jar:5.1.3.RELEASE]
	at org.springframework.test.context.junit4.statements.RunAfterTestClassCallbacks.evaluate(RunAfterTestClassCallbacks.java:70) [spring-test-5.1.3.RELEASE.jar:5.1.3.RELEASE]
	at org.junit.runners.ParentRunner.run(ParentRunner.java:363) [junit-4.12.jar:4.12]
	at org.springframework.test.context.junit4.SpringJUnit4ClassRunner.run(SpringJUnit4ClassRunner.java:190) [spring-test-5.1.3.RELEASE.jar:5.1.3.RELEASE]
	at org.apache.maven.surefire.junit4.JUnit4Provider.execute(JUnit4Provider.java:365) [surefire-junit4-2.22.1.jar:2.22.1]
	at org.apache.maven.surefire.junit4.JUnit4Provider.executeWithRerun(JUnit4Provider.java:273) [surefire-junit4-2.22.1.jar:2.22.1]
	at org.apache.maven.surefire.junit4.JUnit4Provider.executeTestSet(JUnit4Provider.java:238) [surefire-junit4-2.22.1.jar:2.22.1]
	at org.apache.maven.surefire.junit4.JUnit4Provider.invoke(JUnit4Provider.java:159) [surefire-junit4-2.22.1.jar:2.22.1]
	at org.apache.maven.surefire.booter.ForkedBooter.invokeProviderInSameClassLoader(ForkedBooter.java:384) [surefire-booter-2.22.1.jar:2.22.1]
	at org.apache.maven.surefire.booter.ForkedBooter.runSuitesInProcess(ForkedBooter.java:345) [surefire-booter-2.22.1.jar:2.22.1]
	at org.apache.maven.surefire.booter.ForkedBooter.execute(ForkedBooter.java:126) [surefire-booter-2.22.1.jar:2.22.1]
	at org.apache.maven.surefire.booter.ForkedBooter.main(ForkedBooter.java:418) [surefire-booter-2.22.1.jar:2.22.1]
Caused by: oracle.net.ns.NetException: The Network Adapter could not establish the connection
	at oracle.net.nt.ConnStrategy.execute(ConnStrategy.java:375) ~[ojdbc6-11.2.0.2.0.jar:11.2.0.2.0]
	at oracle.net.resolver.AddrResolution.resolveAndExecute(AddrResolution.java:422) ~[ojdbc6-11.2.0.2.0.jar:11.2.0.2.0]
	at oracle.net.ns.NSProtocol.establishConnection(NSProtocol.java:678) ~[ojdbc6-11.2.0.2.0.jar:11.2.0.2.0]
	at oracle.net.ns.NSProtocol.connect(NSProtocol.java:238) ~[ojdbc6-11.2.0.2.0.jar:11.2.0.2.0]
	at oracle.jdbc.driver.T4CConnection.connect(T4CConnection.java:1054) ~[ojdbc6-11.2.0.2.0.jar:11.2.0.2.0]
	at oracle.jdbc.driver.T4CConnection.logon(T4CConnection.java:308) ~[ojdbc6-11.2.0.2.0.jar:11.2.0.2.0]
	... 39 common frames omitted
Caused by: java.net.ConnectException: Connection timed out: connect
	at java.net.DualStackPlainSocketImpl.waitForConnect(Native Method) ~[na:1.8.0_271]
	at java.net.DualStackPlainSocketImpl.socketConnect(DualStackPlainSocketImpl.java:81) ~[na:1.8.0_271]
	at java.net.AbstractPlainSocketImpl.doConnect(AbstractPlainSocketImpl.java:476) ~[na:1.8.0_271]
	at java.net.AbstractPlainSocketImpl.connectToAddress(AbstractPlainSocketImpl.java:218) ~[na:1.8.0_271]
	at java.net.AbstractPlainSocketImpl.connect(AbstractPlainSocketImpl.java:200) ~[na:1.8.0_271]
	at java.net.PlainSocketImpl.connect(PlainSocketImpl.java:162) ~[na:1.8.0_271]
	at java.net.SocksSocketImpl.connect(SocksSocketImpl.java:394) ~[na:1.8.0_271]
	at java.net.Socket.connect(Socket.java:606) ~[na:1.8.0_271]
	at oracle.net.nt.TcpNTAdapter.connect(TcpNTAdapter.java:209) ~[ojdbc6-11.2.0.2.0.jar:11.2.0.2.0]
	at oracle.net.nt.ConnOption.connect(ConnOption.java:123) ~[ojdbc6-11.2.0.2.0.jar:11.2.0.2.0]
	at oracle.net.nt.ConnStrategy.execute(ConnStrategy.java:353) ~[ojdbc6-11.2.0.2.0.jar:11.2.0.2.0]
	... 44 common frames omitted

2020-12-11 02:08:04.039  WARN 12796 --- [           main] o.s.test.context.TestContextManager      : Caught exception while invoking 'beforeTestMethod' callback on TestExecutionListener [org.springframework.test.context.transaction.TransactionalTestExecutionListener@171cd7] for test method [public void es.sms.bolsa.oracleforms.conexion.AccesoSessionDaoTest.seCreaSesionFormsOk()] and test instance [es.sms.bolsa.oracleforms.conexion.AccesoSessionDaoTest@90f583]

org.springframework.transaction.CannotCreateTransactionException: Could not open JDBC Connection for transaction; nested exception is java.sql.SQLRecoverableException: Error de E/S: The Network Adapter could not establish the connection
	at org.springframework.jdbc.datasource.DataSourceTransactionManager.doBegin(DataSourceTransactionManager.java:305) ~[spring-jdbc-5.1.3.RELEASE.jar:5.1.3.RELEASE]
	at org.springframework.transaction.support.AbstractPlatformTransactionManager.getTransaction(AbstractPlatformTransactionManager.java:378) ~[spring-tx-5.1.3.RELEASE.jar:5.1.3.RELEASE]
	at org.springframework.test.context.transaction.TransactionContext.startTransaction(TransactionContext.java:103) ~[spring-test-5.1.3.RELEASE.jar:5.1.3.RELEASE]
	at org.springframework.test.context.transaction.TransactionalTestExecutionListener.beforeTestMethod(TransactionalTestExecutionListener.java:192) ~[spring-test-5.1.3.RELEASE.jar:5.1.3.RELEASE]
	at org.springframework.test.context.TestContextManager.beforeTestMethod(TestContextManager.java:291) ~[spring-test-5.1.3.RELEASE.jar:5.1.3.RELEASE]
	at org.springframework.test.context.junit4.statements.RunBeforeTestMethodCallbacks.evaluate(RunBeforeTestMethodCallbacks.java:74) [spring-test-5.1.3.RELEASE.jar:5.1.3.RELEASE]
	at org.springframework.test.context.junit4.statements.RunAfterTestMethodCallbacks.evaluate(RunAfterTestMethodCallbacks.java:86) [spring-test-5.1.3.RELEASE.jar:5.1.3.RELEASE]
	at org.springframework.test.context.junit4.statements.SpringRepeat.evaluate(SpringRepeat.java:84) [spring-test-5.1.3.RELEASE.jar:5.1.3.RELEASE]
	at org.junit.runners.ParentRunner.runLeaf(ParentRunner.java:325) [junit-4.12.jar:4.12]
	at org.springframework.test.context.junit4.SpringJUnit4ClassRunner.runChild(SpringJUnit4ClassRunner.java:251) [spring-test-5.1.3.RELEASE.jar:5.1.3.RELEASE]
	at org.springframework.test.context.junit4.SpringJUnit4ClassRunner.runChild(SpringJUnit4ClassRunner.java:97) [spring-test-5.1.3.RELEASE.jar:5.1.3.RELEASE]
	at org.junit.runners.ParentRunner$3.run(ParentRunner.java:290) [junit-4.12.jar:4.12]
	at org.junit.runners.ParentRunner$1.schedule(ParentRunner.java:71) [junit-4.12.jar:4.12]
	at org.junit.runners.ParentRunner.runChildren(ParentRunner.java:288) [junit-4.12.jar:4.12]
	at org.junit.runners.ParentRunner.access$000(ParentRunner.java:58) [junit-4.12.jar:4.12]
	at org.junit.runners.ParentRunner$2.evaluate(ParentRunner.java:268) [junit-4.12.jar:4.12]
	at org.springframework.test.context.junit4.statements.RunBeforeTestClassCallbacks.evaluate(RunBeforeTestClassCallbacks.java:61) [spring-test-5.1.3.RELEASE.jar:5.1.3.RELEASE]
	at org.springframework.test.context.junit4.statements.RunAfterTestClassCallbacks.evaluate(RunAfterTestClassCallbacks.java:70) [spring-test-5.1.3.RELEASE.jar:5.1.3.RELEASE]
	at org.junit.runners.ParentRunner.run(ParentRunner.java:363) [junit-4.12.jar:4.12]
	at org.springframework.test.context.junit4.SpringJUnit4ClassRunner.run(SpringJUnit4ClassRunner.java:190) [spring-test-5.1.3.RELEASE.jar:5.1.3.RELEASE]
	at org.apache.maven.surefire.junit4.JUnit4Provider.execute(JUnit4Provider.java:365) [surefire-junit4-2.22.1.jar:2.22.1]
	at org.apache.maven.surefire.junit4.JUnit4Provider.executeWithRerun(JUnit4Provider.java:273) [surefire-junit4-2.22.1.jar:2.22.1]
	at org.apache.maven.surefire.junit4.JUnit4Provider.executeTestSet(JUnit4Provider.java:238) [surefire-junit4-2.22.1.jar:2.22.1]
	at org.apache.maven.surefire.junit4.JUnit4Provider.invoke(JUnit4Provider.java:159) [surefire-junit4-2.22.1.jar:2.22.1]
	at org.apache.maven.surefire.booter.ForkedBooter.invokeProviderInSameClassLoader(ForkedBooter.java:384) [surefire-booter-2.22.1.jar:2.22.1]
	at org.apache.maven.surefire.booter.ForkedBooter.runSuitesInProcess(ForkedBooter.java:345) [surefire-booter-2.22.1.jar:2.22.1]
	at org.apache.maven.surefire.booter.ForkedBooter.execute(ForkedBooter.java:126) [surefire-booter-2.22.1.jar:2.22.1]
	at org.apache.maven.surefire.booter.ForkedBooter.main(ForkedBooter.java:418) [surefire-booter-2.22.1.jar:2.22.1]
Caused by: java.sql.SQLRecoverableException: Error de E/S: The Network Adapter could not establish the connection
	at oracle.jdbc.driver.T4CConnection.logon(T4CConnection.java:419) ~[ojdbc6-11.2.0.2.0.jar:11.2.0.2.0]
	at oracle.jdbc.driver.PhysicalConnection.<init>(PhysicalConnection.java:536) ~[ojdbc6-11.2.0.2.0.jar:11.2.0.2.0]
	at oracle.jdbc.driver.T4CConnection.<init>(T4CConnection.java:228) ~[ojdbc6-11.2.0.2.0.jar:11.2.0.2.0]
	at oracle.jdbc.driver.T4CDriverExtension.getConnection(T4CDriverExtension.java:32) ~[ojdbc6-11.2.0.2.0.jar:11.2.0.2.0]
	at oracle.jdbc.driver.OracleDriver.connect(OracleDriver.java:521) ~[ojdbc6-11.2.0.2.0.jar:11.2.0.2.0]
	at com.zaxxer.hikari.util.DriverDataSource.getConnection(DriverDataSource.java:136) ~[HikariCP-3.2.0.jar:na]
	at com.zaxxer.hikari.pool.PoolBase.newConnection(PoolBase.java:369) ~[HikariCP-3.2.0.jar:na]
	at com.zaxxer.hikari.pool.PoolBase.newPoolEntry(PoolBase.java:198) ~[HikariCP-3.2.0.jar:na]
	at com.zaxxer.hikari.pool.HikariPool.createPoolEntry(HikariPool.java:467) ~[HikariCP-3.2.0.jar:na]
	at com.zaxxer.hikari.pool.HikariPool.checkFailFast(HikariPool.java:541) ~[HikariCP-3.2.0.jar:na]
	at com.zaxxer.hikari.pool.HikariPool.<init>(HikariPool.java:115) ~[HikariCP-3.2.0.jar:na]
	at com.zaxxer.hikari.HikariDataSource.getConnection(HikariDataSource.java:112) ~[HikariCP-3.2.0.jar:na]
	at org.springframework.jdbc.datasource.DataSourceTransactionManager.doBegin(DataSourceTransactionManager.java:262) ~[spring-jdbc-5.1.3.RELEASE.jar:5.1.3.RELEASE]
	... 27 common frames omitted
Caused by: oracle.net.ns.NetException: The Network Adapter could not establish the connection
	at oracle.net.nt.ConnStrategy.execute(ConnStrategy.java:375) ~[ojdbc6-11.2.0.2.0.jar:11.2.0.2.0]
	at oracle.net.resolver.AddrResolution.resolveAndExecute(AddrResolution.java:422) ~[ojdbc6-11.2.0.2.0.jar:11.2.0.2.0]
	at oracle.net.ns.NSProtocol.establishConnection(NSProtocol.java:678) ~[ojdbc6-11.2.0.2.0.jar:11.2.0.2.0]
	at oracle.net.ns.NSProtocol.connect(NSProtocol.java:238) ~[ojdbc6-11.2.0.2.0.jar:11.2.0.2.0]
	at oracle.jdbc.driver.T4CConnection.connect(T4CConnection.java:1054) ~[ojdbc6-11.2.0.2.0.jar:11.2.0.2.0]
	at oracle.jdbc.driver.T4CConnection.logon(T4CConnection.java:308) ~[ojdbc6-11.2.0.2.0.jar:11.2.0.2.0]
	... 39 common frames omitted
Caused by: java.net.ConnectException: Connection timed out: connect
	at java.net.DualStackPlainSocketImpl.waitForConnect(Native Method) ~[na:1.8.0_271]
	at java.net.DualStackPlainSocketImpl.socketConnect(DualStackPlainSocketImpl.java:81) ~[na:1.8.0_271]
	at java.net.AbstractPlainSocketImpl.doConnect(AbstractPlainSocketImpl.java:476) ~[na:1.8.0_271]
	at java.net.AbstractPlainSocketImpl.connectToAddress(AbstractPlainSocketImpl.java:218) ~[na:1.8.0_271]
	at java.net.AbstractPlainSocketImpl.connect(AbstractPlainSocketImpl.java:200) ~[na:1.8.0_271]
	at java.net.PlainSocketImpl.connect(PlainSocketImpl.java:162) ~[na:1.8.0_271]
	at java.net.SocksSocketImpl.connect(SocksSocketImpl.java:394) ~[na:1.8.0_271]
	at java.net.Socket.connect(Socket.java:606) ~[na:1.8.0_271]
	at oracle.net.nt.TcpNTAdapter.connect(TcpNTAdapter.java:209) ~[ojdbc6-11.2.0.2.0.jar:11.2.0.2.0]
	at oracle.net.nt.ConnOption.connect(ConnOption.java:123) ~[ojdbc6-11.2.0.2.0.jar:11.2.0.2.0]
	at oracle.net.nt.ConnStrategy.execute(ConnStrategy.java:353) ~[ojdbc6-11.2.0.2.0.jar:11.2.0.2.0]
	... 44 common frames omitted

]]></system-out>
  </testcase>
  <testcase name="seCierraSesionExistenteOk" classname="es.sms.bolsa.oracleforms.conexion.AccesoSessionDaoTest" time="22.054">
    <error message="Could not open JDBC Connection for transaction; nested exception is java.sql.SQLRecoverableException: Error de E/S: The Network Adapter could not establish the connection" type="org.springframework.transaction.CannotCreateTransactionException">org.springframework.transaction.CannotCreateTransactionException: Could not open JDBC Connection for transaction; nested exception is java.sql.SQLRecoverableException: Error de E/S: The Network Adapter could not establish the connection
Caused by: java.sql.SQLRecoverableException: Error de E/S: The Network Adapter could not establish the connection
Caused by: oracle.net.ns.NetException: The Network Adapter could not establish the connection
Caused by: java.net.ConnectException: Connection timed out: connect
</error>
    <system-out><![CDATA[2020-12-11 02:08:04.042  INFO 12796 --- [           main] com.zaxxer.hikari.HikariDataSource       : HikariPool-1 - Starting...
2020-12-11 02:08:04.042  WARN 12796 --- [           main] com.zaxxer.hikari.util.DriverDataSource  : Registered driver with driverClassName=oracle.jdbc.driver.OracleDriver was not found, trying direct instantiation.
2020-12-11 02:08:26.091 ERROR 12796 --- [           main] com.zaxxer.hikari.pool.HikariPool        : HikariPool-1 - Exception during pool initialization.

java.sql.SQLRecoverableException: Error de E/S: The Network Adapter could not establish the connection
	at oracle.jdbc.driver.T4CConnection.logon(T4CConnection.java:419) ~[ojdbc6-11.2.0.2.0.jar:11.2.0.2.0]
	at oracle.jdbc.driver.PhysicalConnection.<init>(PhysicalConnection.java:536) ~[ojdbc6-11.2.0.2.0.jar:11.2.0.2.0]
	at oracle.jdbc.driver.T4CConnection.<init>(T4CConnection.java:228) ~[ojdbc6-11.2.0.2.0.jar:11.2.0.2.0]
	at oracle.jdbc.driver.T4CDriverExtension.getConnection(T4CDriverExtension.java:32) ~[ojdbc6-11.2.0.2.0.jar:11.2.0.2.0]
	at oracle.jdbc.driver.OracleDriver.connect(OracleDriver.java:521) ~[ojdbc6-11.2.0.2.0.jar:11.2.0.2.0]
	at com.zaxxer.hikari.util.DriverDataSource.getConnection(DriverDataSource.java:136) ~[HikariCP-3.2.0.jar:na]
	at com.zaxxer.hikari.pool.PoolBase.newConnection(PoolBase.java:369) ~[HikariCP-3.2.0.jar:na]
	at com.zaxxer.hikari.pool.PoolBase.newPoolEntry(PoolBase.java:198) ~[HikariCP-3.2.0.jar:na]
	at com.zaxxer.hikari.pool.HikariPool.createPoolEntry(HikariPool.java:467) [HikariCP-3.2.0.jar:na]
	at com.zaxxer.hikari.pool.HikariPool.checkFailFast(HikariPool.java:541) [HikariCP-3.2.0.jar:na]
	at com.zaxxer.hikari.pool.HikariPool.<init>(HikariPool.java:115) [HikariCP-3.2.0.jar:na]
	at com.zaxxer.hikari.HikariDataSource.getConnection(HikariDataSource.java:112) [HikariCP-3.2.0.jar:na]
	at org.springframework.jdbc.datasource.DataSourceTransactionManager.doBegin(DataSourceTransactionManager.java:262) [spring-jdbc-5.1.3.RELEASE.jar:5.1.3.RELEASE]
	at org.springframework.transaction.support.AbstractPlatformTransactionManager.getTransaction(AbstractPlatformTransactionManager.java:378) [spring-tx-5.1.3.RELEASE.jar:5.1.3.RELEASE]
	at org.springframework.test.context.transaction.TransactionContext.startTransaction(TransactionContext.java:103) [spring-test-5.1.3.RELEASE.jar:5.1.3.RELEASE]
	at org.springframework.test.context.transaction.TransactionalTestExecutionListener.beforeTestMethod(TransactionalTestExecutionListener.java:192) [spring-test-5.1.3.RELEASE.jar:5.1.3.RELEASE]
	at org.springframework.test.context.TestContextManager.beforeTestMethod(TestContextManager.java:291) [spring-test-5.1.3.RELEASE.jar:5.1.3.RELEASE]
	at org.springframework.test.context.junit4.statements.RunBeforeTestMethodCallbacks.evaluate(RunBeforeTestMethodCallbacks.java:74) [spring-test-5.1.3.RELEASE.jar:5.1.3.RELEASE]
	at org.springframework.test.context.junit4.statements.RunAfterTestMethodCallbacks.evaluate(RunAfterTestMethodCallbacks.java:86) [spring-test-5.1.3.RELEASE.jar:5.1.3.RELEASE]
	at org.springframework.test.context.junit4.statements.SpringRepeat.evaluate(SpringRepeat.java:84) [spring-test-5.1.3.RELEASE.jar:5.1.3.RELEASE]
	at org.junit.runners.ParentRunner.runLeaf(ParentRunner.java:325) [junit-4.12.jar:4.12]
	at org.springframework.test.context.junit4.SpringJUnit4ClassRunner.runChild(SpringJUnit4ClassRunner.java:251) [spring-test-5.1.3.RELEASE.jar:5.1.3.RELEASE]
	at org.springframework.test.context.junit4.SpringJUnit4ClassRunner.runChild(SpringJUnit4ClassRunner.java:97) [spring-test-5.1.3.RELEASE.jar:5.1.3.RELEASE]
	at org.junit.runners.ParentRunner$3.run(ParentRunner.java:290) [junit-4.12.jar:4.12]
	at org.junit.runners.ParentRunner$1.schedule(ParentRunner.java:71) [junit-4.12.jar:4.12]
	at org.junit.runners.ParentRunner.runChildren(ParentRunner.java:288) [junit-4.12.jar:4.12]
	at org.junit.runners.ParentRunner.access$000(ParentRunner.java:58) [junit-4.12.jar:4.12]
	at org.junit.runners.ParentRunner$2.evaluate(ParentRunner.java:268) [junit-4.12.jar:4.12]
	at org.springframework.test.context.junit4.statements.RunBeforeTestClassCallbacks.evaluate(RunBeforeTestClassCallbacks.java:61) [spring-test-5.1.3.RELEASE.jar:5.1.3.RELEASE]
	at org.springframework.test.context.junit4.statements.RunAfterTestClassCallbacks.evaluate(RunAfterTestClassCallbacks.java:70) [spring-test-5.1.3.RELEASE.jar:5.1.3.RELEASE]
	at org.junit.runners.ParentRunner.run(ParentRunner.java:363) [junit-4.12.jar:4.12]
	at org.springframework.test.context.junit4.SpringJUnit4ClassRunner.run(SpringJUnit4ClassRunner.java:190) [spring-test-5.1.3.RELEASE.jar:5.1.3.RELEASE]
	at org.apache.maven.surefire.junit4.JUnit4Provider.execute(JUnit4Provider.java:365) [surefire-junit4-2.22.1.jar:2.22.1]
	at org.apache.maven.surefire.junit4.JUnit4Provider.executeWithRerun(JUnit4Provider.java:273) [surefire-junit4-2.22.1.jar:2.22.1]
	at org.apache.maven.surefire.junit4.JUnit4Provider.executeTestSet(JUnit4Provider.java:238) [surefire-junit4-2.22.1.jar:2.22.1]
	at org.apache.maven.surefire.junit4.JUnit4Provider.invoke(JUnit4Provider.java:159) [surefire-junit4-2.22.1.jar:2.22.1]
	at org.apache.maven.surefire.booter.ForkedBooter.invokeProviderInSameClassLoader(ForkedBooter.java:384) [surefire-booter-2.22.1.jar:2.22.1]
	at org.apache.maven.surefire.booter.ForkedBooter.runSuitesInProcess(ForkedBooter.java:345) [surefire-booter-2.22.1.jar:2.22.1]
	at org.apache.maven.surefire.booter.ForkedBooter.execute(ForkedBooter.java:126) [surefire-booter-2.22.1.jar:2.22.1]
	at org.apache.maven.surefire.booter.ForkedBooter.main(ForkedBooter.java:418) [surefire-booter-2.22.1.jar:2.22.1]
Caused by: oracle.net.ns.NetException: The Network Adapter could not establish the connection
	at oracle.net.nt.ConnStrategy.execute(ConnStrategy.java:375) ~[ojdbc6-11.2.0.2.0.jar:11.2.0.2.0]
	at oracle.net.resolver.AddrResolution.resolveAndExecute(AddrResolution.java:422) ~[ojdbc6-11.2.0.2.0.jar:11.2.0.2.0]
	at oracle.net.ns.NSProtocol.establishConnection(NSProtocol.java:678) ~[ojdbc6-11.2.0.2.0.jar:11.2.0.2.0]
	at oracle.net.ns.NSProtocol.connect(NSProtocol.java:238) ~[ojdbc6-11.2.0.2.0.jar:11.2.0.2.0]
	at oracle.jdbc.driver.T4CConnection.connect(T4CConnection.java:1054) ~[ojdbc6-11.2.0.2.0.jar:11.2.0.2.0]
	at oracle.jdbc.driver.T4CConnection.logon(T4CConnection.java:308) ~[ojdbc6-11.2.0.2.0.jar:11.2.0.2.0]
	... 39 common frames omitted
Caused by: java.net.ConnectException: Connection timed out: connect
	at java.net.DualStackPlainSocketImpl.waitForConnect(Native Method) ~[na:1.8.0_271]
	at java.net.DualStackPlainSocketImpl.socketConnect(DualStackPlainSocketImpl.java:81) ~[na:1.8.0_271]
	at java.net.AbstractPlainSocketImpl.doConnect(AbstractPlainSocketImpl.java:476) ~[na:1.8.0_271]
	at java.net.AbstractPlainSocketImpl.connectToAddress(AbstractPlainSocketImpl.java:218) ~[na:1.8.0_271]
	at java.net.AbstractPlainSocketImpl.connect(AbstractPlainSocketImpl.java:200) ~[na:1.8.0_271]
	at java.net.PlainSocketImpl.connect(PlainSocketImpl.java:162) ~[na:1.8.0_271]
	at java.net.SocksSocketImpl.connect(SocksSocketImpl.java:394) ~[na:1.8.0_271]
	at java.net.Socket.connect(Socket.java:606) ~[na:1.8.0_271]
	at oracle.net.nt.TcpNTAdapter.connect(TcpNTAdapter.java:209) ~[ojdbc6-11.2.0.2.0.jar:11.2.0.2.0]
	at oracle.net.nt.ConnOption.connect(ConnOption.java:123) ~[ojdbc6-11.2.0.2.0.jar:11.2.0.2.0]
	at oracle.net.nt.ConnStrategy.execute(ConnStrategy.java:353) ~[ojdbc6-11.2.0.2.0.jar:11.2.0.2.0]
	... 44 common frames omitted

2020-12-11 02:08:26.094  WARN 12796 --- [           main] o.s.test.context.TestContextManager      : Caught exception while invoking 'beforeTestMethod' callback on TestExecutionListener [org.springframework.test.context.transaction.TransactionalTestExecutionListener@171cd7] for test method [public void es.sms.bolsa.oracleforms.conexion.AccesoSessionDaoTest.seCierraSesionExistenteOk()] and test instance [es.sms.bolsa.oracleforms.conexion.AccesoSessionDaoTest@1942b48]

org.springframework.transaction.CannotCreateTransactionException: Could not open JDBC Connection for transaction; nested exception is java.sql.SQLRecoverableException: Error de E/S: The Network Adapter could not establish the connection
	at org.springframework.jdbc.datasource.DataSourceTransactionManager.doBegin(DataSourceTransactionManager.java:305) ~[spring-jdbc-5.1.3.RELEASE.jar:5.1.3.RELEASE]
	at org.springframework.transaction.support.AbstractPlatformTransactionManager.getTransaction(AbstractPlatformTransactionManager.java:378) ~[spring-tx-5.1.3.RELEASE.jar:5.1.3.RELEASE]
	at org.springframework.test.context.transaction.TransactionContext.startTransaction(TransactionContext.java:103) ~[spring-test-5.1.3.RELEASE.jar:5.1.3.RELEASE]
	at org.springframework.test.context.transaction.TransactionalTestExecutionListener.beforeTestMethod(TransactionalTestExecutionListener.java:192) ~[spring-test-5.1.3.RELEASE.jar:5.1.3.RELEASE]
	at org.springframework.test.context.TestContextManager.beforeTestMethod(TestContextManager.java:291) ~[spring-test-5.1.3.RELEASE.jar:5.1.3.RELEASE]
	at org.springframework.test.context.junit4.statements.RunBeforeTestMethodCallbacks.evaluate(RunBeforeTestMethodCallbacks.java:74) [spring-test-5.1.3.RELEASE.jar:5.1.3.RELEASE]
	at org.springframework.test.context.junit4.statements.RunAfterTestMethodCallbacks.evaluate(RunAfterTestMethodCallbacks.java:86) [spring-test-5.1.3.RELEASE.jar:5.1.3.RELEASE]
	at org.springframework.test.context.junit4.statements.SpringRepeat.evaluate(SpringRepeat.java:84) [spring-test-5.1.3.RELEASE.jar:5.1.3.RELEASE]
	at org.junit.runners.ParentRunner.runLeaf(ParentRunner.java:325) [junit-4.12.jar:4.12]
	at org.springframework.test.context.junit4.SpringJUnit4ClassRunner.runChild(SpringJUnit4ClassRunner.java:251) [spring-test-5.1.3.RELEASE.jar:5.1.3.RELEASE]
	at org.springframework.test.context.junit4.SpringJUnit4ClassRunner.runChild(SpringJUnit4ClassRunner.java:97) [spring-test-5.1.3.RELEASE.jar:5.1.3.RELEASE]
	at org.junit.runners.ParentRunner$3.run(ParentRunner.java:290) [junit-4.12.jar:4.12]
	at org.junit.runners.ParentRunner$1.schedule(ParentRunner.java:71) [junit-4.12.jar:4.12]
	at org.junit.runners.ParentRunner.runChildren(ParentRunner.java:288) [junit-4.12.jar:4.12]
	at org.junit.runners.ParentRunner.access$000(ParentRunner.java:58) [junit-4.12.jar:4.12]
	at org.junit.runners.ParentRunner$2.evaluate(ParentRunner.java:268) [junit-4.12.jar:4.12]
	at org.springframework.test.context.junit4.statements.RunBeforeTestClassCallbacks.evaluate(RunBeforeTestClassCallbacks.java:61) [spring-test-5.1.3.RELEASE.jar:5.1.3.RELEASE]
	at org.springframework.test.context.junit4.statements.RunAfterTestClassCallbacks.evaluate(RunAfterTestClassCallbacks.java:70) [spring-test-5.1.3.RELEASE.jar:5.1.3.RELEASE]
	at org.junit.runners.ParentRunner.run(ParentRunner.java:363) [junit-4.12.jar:4.12]
	at org.springframework.test.context.junit4.SpringJUnit4ClassRunner.run(SpringJUnit4ClassRunner.java:190) [spring-test-5.1.3.RELEASE.jar:5.1.3.RELEASE]
	at org.apache.maven.surefire.junit4.JUnit4Provider.execute(JUnit4Provider.java:365) [surefire-junit4-2.22.1.jar:2.22.1]
	at org.apache.maven.surefire.junit4.JUnit4Provider.executeWithRerun(JUnit4Provider.java:273) [surefire-junit4-2.22.1.jar:2.22.1]
	at org.apache.maven.surefire.junit4.JUnit4Provider.executeTestSet(JUnit4Provider.java:238) [surefire-junit4-2.22.1.jar:2.22.1]
	at org.apache.maven.surefire.junit4.JUnit4Provider.invoke(JUnit4Provider.java:159) [surefire-junit4-2.22.1.jar:2.22.1]
	at org.apache.maven.surefire.booter.ForkedBooter.invokeProviderInSameClassLoader(ForkedBooter.java:384) [surefire-booter-2.22.1.jar:2.22.1]
	at org.apache.maven.surefire.booter.ForkedBooter.runSuitesInProcess(ForkedBooter.java:345) [surefire-booter-2.22.1.jar:2.22.1]
	at org.apache.maven.surefire.booter.ForkedBooter.execute(ForkedBooter.java:126) [surefire-booter-2.22.1.jar:2.22.1]
	at org.apache.maven.surefire.booter.ForkedBooter.main(ForkedBooter.java:418) [surefire-booter-2.22.1.jar:2.22.1]
Caused by: java.sql.SQLRecoverableException: Error de E/S: The Network Adapter could not establish the connection
	at oracle.jdbc.driver.T4CConnection.logon(T4CConnection.java:419) ~[ojdbc6-11.2.0.2.0.jar:11.2.0.2.0]
	at oracle.jdbc.driver.PhysicalConnection.<init>(PhysicalConnection.java:536) ~[ojdbc6-11.2.0.2.0.jar:11.2.0.2.0]
	at oracle.jdbc.driver.T4CConnection.<init>(T4CConnection.java:228) ~[ojdbc6-11.2.0.2.0.jar:11.2.0.2.0]
	at oracle.jdbc.driver.T4CDriverExtension.getConnection(T4CDriverExtension.java:32) ~[ojdbc6-11.2.0.2.0.jar:11.2.0.2.0]
	at oracle.jdbc.driver.OracleDriver.connect(OracleDriver.java:521) ~[ojdbc6-11.2.0.2.0.jar:11.2.0.2.0]
	at com.zaxxer.hikari.util.DriverDataSource.getConnection(DriverDataSource.java:136) ~[HikariCP-3.2.0.jar:na]
	at com.zaxxer.hikari.pool.PoolBase.newConnection(PoolBase.java:369) ~[HikariCP-3.2.0.jar:na]
	at com.zaxxer.hikari.pool.PoolBase.newPoolEntry(PoolBase.java:198) ~[HikariCP-3.2.0.jar:na]
	at com.zaxxer.hikari.pool.HikariPool.createPoolEntry(HikariPool.java:467) ~[HikariCP-3.2.0.jar:na]
	at com.zaxxer.hikari.pool.HikariPool.checkFailFast(HikariPool.java:541) ~[HikariCP-3.2.0.jar:na]
	at com.zaxxer.hikari.pool.HikariPool.<init>(HikariPool.java:115) ~[HikariCP-3.2.0.jar:na]
	at com.zaxxer.hikari.HikariDataSource.getConnection(HikariDataSource.java:112) ~[HikariCP-3.2.0.jar:na]
	at org.springframework.jdbc.datasource.DataSourceTransactionManager.doBegin(DataSourceTransactionManager.java:262) ~[spring-jdbc-5.1.3.RELEASE.jar:5.1.3.RELEASE]
	... 27 common frames omitted
Caused by: oracle.net.ns.NetException: The Network Adapter could not establish the connection
	at oracle.net.nt.ConnStrategy.execute(ConnStrategy.java:375) ~[ojdbc6-11.2.0.2.0.jar:11.2.0.2.0]
	at oracle.net.resolver.AddrResolution.resolveAndExecute(AddrResolution.java:422) ~[ojdbc6-11.2.0.2.0.jar:11.2.0.2.0]
	at oracle.net.ns.NSProtocol.establishConnection(NSProtocol.java:678) ~[ojdbc6-11.2.0.2.0.jar:11.2.0.2.0]
	at oracle.net.ns.NSProtocol.connect(NSProtocol.java:238) ~[ojdbc6-11.2.0.2.0.jar:11.2.0.2.0]
	at oracle.jdbc.driver.T4CConnection.connect(T4CConnection.java:1054) ~[ojdbc6-11.2.0.2.0.jar:11.2.0.2.0]
	at oracle.jdbc.driver.T4CConnection.logon(T4CConnection.java:308) ~[ojdbc6-11.2.0.2.0.jar:11.2.0.2.0]
	... 39 common frames omitted
Caused by: java.net.ConnectException: Connection timed out: connect
	at java.net.DualStackPlainSocketImpl.waitForConnect(Native Method) ~[na:1.8.0_271]
	at java.net.DualStackPlainSocketImpl.socketConnect(DualStackPlainSocketImpl.java:81) ~[na:1.8.0_271]
	at java.net.AbstractPlainSocketImpl.doConnect(AbstractPlainSocketImpl.java:476) ~[na:1.8.0_271]
	at java.net.AbstractPlainSocketImpl.connectToAddress(AbstractPlainSocketImpl.java:218) ~[na:1.8.0_271]
	at java.net.AbstractPlainSocketImpl.connect(AbstractPlainSocketImpl.java:200) ~[na:1.8.0_271]
	at java.net.PlainSocketImpl.connect(PlainSocketImpl.java:162) ~[na:1.8.0_271]
	at java.net.SocksSocketImpl.connect(SocksSocketImpl.java:394) ~[na:1.8.0_271]
	at java.net.Socket.connect(Socket.java:606) ~[na:1.8.0_271]
	at oracle.net.nt.TcpNTAdapter.connect(TcpNTAdapter.java:209) ~[ojdbc6-11.2.0.2.0.jar:11.2.0.2.0]
	at oracle.net.nt.ConnOption.connect(ConnOption.java:123) ~[ojdbc6-11.2.0.2.0.jar:11.2.0.2.0]
	at oracle.net.nt.ConnStrategy.execute(ConnStrategy.java:353) ~[ojdbc6-11.2.0.2.0.jar:11.2.0.2.0]
	... 44 common frames omitted

]]></system-out>
  </testcase>
</testsuite>